Log file open, 03/11/15 06:06:44
LogInit:Display: Running engine for game: VisionUE
LogInit: Version: 4.7.2-2467323+++depot+UE4-Releases+4.7
LogInit: API Version: 2455222
LogInit: Compiled (64-bit): Mar  2 2015 23:16:34
LogInit: Compiled with Visual C++: 18.00.21005.01
LogInit: Build Configuration: Development
LogInit: Branch Name: ++depot+UE4-Releases+4.7
LogInit: Command line:  
LogInit: Base directory: D:/Programme/Epic/Unreal Engine/4.7/Engine/Binaries/Win64/
LogInit: Rocket: 1
[2015.03.11-05.06.44:880][  0]LogTaskGraph: Started task graph with 3 named threads and 6 total threads.
[2015.03.11-05.06.44:935][  0]LogOnline:Warning: No default platform service specified for OnlineSubsystem
[2015.03.11-05.06.45:000][  0]LogInit: Presizing for 0 objects not considered by GC, pre-allocating 0 bytes.
[2015.03.11-05.06.45:011][  0]LogInit: Object subsystem initialized
[2015.03.11-05.06.45:013][  0]LogConsoleResponse:Warning: Skipping Unknown console variable: 'TranslucentSortAxis = (X=0.000000,Y=-1.000000,Z=0.000000)'
[2015.03.11-05.06.45:013][  0]LogConsoleResponse:Warning:   Found in ini file 'D:/GitHub/Vision/VisionUE/Saved/Config/Windows/Engine.ini', in section '[/Script/Engine.RendererSettings]'
[2015.03.11-05.06.45:013][  0]LogConsoleResponse:Warning: Skipping Unknown console variable: 'UIScaleRule = ShortestSide'
[2015.03.11-05.06.45:013][  0]LogConsoleResponse:Warning:   Found in ini file 'D:/GitHub/Vision/VisionUE/Saved/Config/Windows/Engine.ini', in section '[/Script/Engine.RendererSettings]'
[2015.03.11-05.06.45:013][  0]LogConsoleResponse:Warning: Skipping Unknown console variable: 'UIScaleCurve = (EditorCurveData=(Keys=),ExternalCurve=None)'
[2015.03.11-05.06.45:013][  0]LogConsoleResponse:Warning:   Found in ini file 'D:/GitHub/Vision/VisionUE/Saved/Config/Windows/Engine.ini', in section '[/Script/Engine.RendererSettings]'
[2015.03.11-05.06.45:014][  0]LogInit: Selected Device Profile: [Windows]
[2015.03.11-05.06.45:014][  0]LogInit: Applying CVar settings loaded from the selected device profile: [Windows]
[2015.03.11-05.06.45:025][  0]LogInit: Computer: ZENTRUM-PC
[2015.03.11-05.06.45:025][  0]LogInit: User: Zentrum
[2015.03.11-05.06.45:025][  0]LogInit: CPU Page size=4096, Cores=4
[2015.03.11-05.06.45:025][  0]LogInit: High frequency timer resolution =3.579545 MHz
[2015.03.11-05.06.45:025][  0]LogMemory: Memory total: Physical=7.5GB (8GB approx) Virtual=8192.0GB
[2015.03.11-05.06.45:025][  0]LogMemory: Platform Memory Stats for Windows
[2015.03.11-05.06.45:025][  0]LogMemory: Process Physical Memory: 47.33 MB used, 47.33 MB peak
[2015.03.11-05.06.45:025][  0]LogMemory: Process Virtual Memory: 25.46 MB used, 25.46 MB peak
[2015.03.11-05.06.45:025][  0]LogMemory: Physical Memory: 2142.02 MB used, 7679.18 MB total
[2015.03.11-05.06.45:025][  0]LogMemory: Virtual Memory: 279.40 MB used, 8388608.00 MB total
[2015.03.11-05.06.45:053][  0]LogD3D11RHI: Found D3D11 adapter 0: NVIDIA GeForce GT 630 (Feature Level 11_0)
[2015.03.11-05.06.45:053][  0]LogD3D11RHI: Adapter has 4040MB of dedicated video memory, 0MB of dedicated system memory, and 3583MB of shared system memory, 2 output[s]
[2015.03.11-05.06.45:067][  0]LogD3D11RHI: Found D3D11 adapter 1: NVIDIA GeForce 8200 (Microsoft Corporation - WDDM v1.1) (Feature Level 10_0)
[2015.03.11-05.06.45:067][  0]LogD3D11RHI: Adapter has 487MB of dedicated video memory, 64MB of dedicated system memory, and 3519MB of shared system memory, 1 output[s]
[2015.03.11-05.06.45:067][  0]LogD3D11RHI: Chosen D3D11 Adapter Id = 0
[2015.03.11-05.06.45:072][  0]LogRHI: Texture pool is 1361 MB (70% of 1945 MB)
[2015.03.11-05.06.45:079][  0]LogD3D11RHI: Async texture creation enabled
[2015.03.11-05.06.45:519][  0]LogTextLocalizationManager: The requested culture ('de_DE') has no localization data; falling back to 'en' for localization and internationalization data.
[2015.03.11-05.06.45:716][  0]LogContentStreaming: Texture pool size is 0.000000MB
[2015.03.11-05.06.51:098][  0]LogTargetPlatformManager:Display: Building Assets For Windows
[2015.03.11-05.06.52:210][  0]LogTargetPlatformManager:Display: Building Assets For Windows
[2015.03.11-05.06.52:350][  0]LogDerivedDataCache:Display: Max Cache Size: 512 MB
[2015.03.11-05.06.52:945][  0]LogDerivedDataCache: Loaded boot cache 0.58s 39MB C:/Users/Zentrum/AppData/Local/UnrealEngine/4.7/DerivedDataCache/Boot.ddc.
[2015.03.11-05.06.52:945][  0]LogDerivedDataCache:Display: Loaded Boot cache: C:/Users/Zentrum/AppData/Local/UnrealEngine/4.7/DerivedDataCache/Boot.ddc
[2015.03.11-05.06.52:945][  0]LogDerivedDataCache: FDerivedDataBackendGraph:  Pak pak cache file ../../../../../../../GitHub/Vision/VisionUE/DerivedDataCache/DDC.ddp not found, will not use a pak cache.
[2015.03.11-05.06.52:945][  0]LogDerivedDataCache: Unable to find inner node Pak for hierarchical cache Hierarchy.
[2015.03.11-05.06.53:134][  0]LogDerivedDataCache:Display: Pak cache opened for reading ../../../Engine/DerivedDataCache/Compressed.ddp.
[2015.03.11-05.06.53:169][  0]LogDerivedDataCache: Using Local data cache path C:/Users/Zentrum/AppData/Local/UnrealEngine/Common/DerivedDataCache: Writable
[2015.03.11-05.07.01:901][  0]LogMeshUtilities: No automatic mesh reduction module available
[2015.03.11-05.07.01:901][  0]LogMeshUtilities: No automatic mesh merging module available
[2015.03.11-05.07.05:386][  0]LogInit: WinSock: version 1.1 (2.2), MaxSocks=32767, MaxUdp=65467
[2015.03.11-05.07.05:769][  0]LogSlate:Warning: Failed to load font data from '../../../Engine/Content/Slate/Fonts/Roboto-Italic.ttf'
[2015.03.11-05.07.19:980][  0]UdpMessaging: Initializing bridge on interface 0.0.0.0:0 to multicast group 230.0.0.1:6666.
[2015.03.11-05.07.20:652][  0]SourceControl: Info Source control is disabled
[2015.03.11-05.07.20:660][  0]SourceControl: Info Source control is disabled
[2015.03.11-05.07.20:660][  0]SourceControl: Info Source control is disabled
[2015.03.11-05.07.20:668][  0]LogSourceControl: RunCommandInternalRaw: 'git version'
[2015.03.11-05.07.21:004][  0]LogSourceControl: RunCommandInternalRaw: ExecProcess ReturnCode=0 OutResults='git version 1.9.5.msysgit.0
'
[2015.03.11-05.07.21:722][  0]LogObj: 24231 objects as part of root set at end of initial load.
[2015.03.11-05.07.21:722][  0]LogUObjectAllocator: 5136440 out of 0 bytes used by permanent object pool.
[2015.03.11-05.07.22:365][  0]LogEngine: Initializing Engine...
[2015.03.11-05.07.25:157][  0]LogInit: XAudio2 using 'Lautsprecher (2- High Definition Audio-Gerät)' : 2 channels at 44.1 kHz using 16 bits per sample (channel mask 0x3)
[2015.03.11-05.07.25:206][  0]LogInit: FAudioDevice initialized.
[2015.03.11-05.07.25:706][  0]LogAIModule: Creating AISystem for world NewWorld
[2015.03.11-05.07.25:846][  0]LogDerivedDataCache: Saved boot cache 0.03s 39MB C:/Users/Zentrum/AppData/Local/UnrealEngine/4.7/DerivedDataCache/Boot.ddc.
[2015.03.11-05.07.25:981][  0]LogInit: Texture streaming: Enabled
[2015.03.11-05.07.26:492][  0]LogAnalytics: Creating configured Analytics provider AnalyticsET
[2015.03.11-05.07.26:492][  0]LogAnalytics: ET APIKey = Rocket.Release. APIServer = http://et2.epicgames.com/ET2/. AppVersion = 4.7.2-2467323+++depot+UE4-Releases+4.7
[2015.03.11-05.07.26:492][  0]LogAnalytics: ET APIKey = Rocket.Release. DataRouterUploadURL = https://datarouter-public-service-gamedev.ol.epicgames.net/datarouter/api/v1/public/data. AppVersion = 4.7.2-2467323+++depot+UE4-Releases+4.7
[2015.03.11-05.07.26:492][  0]LogAnalytics: SetUserId a6f1bd084faec6cebe4e75a2d83b8662|b2c1567841e5484c93ced7e05cd852ce|0f5b9dc7-2094-4ccf-821e-cb105ecd4728
[2015.03.11-05.07.26:511][  0]LogAnalytics: AnalyticsET::StartSession [Rocket.Release]
[2015.03.11-05.07.26:699][  0]LogInit: Transaction tracking system initialized
[2015.03.11-05.07.27:293][  0]BlueprintLog: New page: Editor Load
[2015.03.11-05.07.27:387][  0]LogAssetRegistry: FAssetRegistry took 0.0173 seconds to start up
[2015.03.11-05.07.27:388][  0]LogDirectoryWatcher:Warning: Failed to begin reading directory changes for ../../../Engine/Plugins/Experimental/CharacterAI/Content/. Error: 0
[2015.03.11-05.07.29:174][  0]LogTargetPlatformManager:Display: Building Assets For Windows
[2015.03.11-05.07.29:564][  0]LogTargetPlatformManager:Display: Building Assets For Windows
[2015.03.11-05.07.30:170][  0]LogLinker:Warning: Can't find file '/Game/TopDownBP/TopDownOverview'
[2015.03.11-05.07.30:170][  0]LogLinker:Warning: Can't find file '/Game/TopDownBP/TopDownOverview'
[2015.03.11-05.07.30:170][  0]LogUObjectGlobals:Warning: Failed to find object 'Class /Game/TopDownBP/TopDownOverview.TopDownOverview_C'
[2015.03.11-05.07.30:416][  0]LogSlate:Warning: Failed to load font data from '../../../Engine/Content/Editor/Slate/Fonts/Roboto-Regular.ttf'
[2015.03.11-05.07.30:416][  0]LogSlate:Warning: Failed to load font data from '../../../Engine/Content/Editor/Slate/Fonts/Roboto-Bold.ttf'
[2015.03.11-05.07.30:491][  0]LogConsoleResponse:Display: 
[2015.03.11-05.07.32:538][  0]LogCook:Display: Done creating registry. It took  0.00s.
[2015.03.11-05.07.33:660][  0]LogSourceControl: RunCommandInternalRaw: 'git version'
[2015.03.11-05.07.33:666][  0]LogSourceControl: RunCommandInternalRaw: ExecProcess ReturnCode=0 OutResults='git version 1.9.5.msysgit.0
'
[2015.03.11-05.07.33:777][  0]Cmd: MAP LOAD FILE="../../../Engine/Content/Maps/Templates/Template_Default.umap" TEMPLATE=1 SHOWPROGRESS=1 FEATURELEVEL=3
[2015.03.11-05.07.33:849][  0]LightingResults: New page: Lighting Build
[2015.03.11-05.07.34:142][  0]MapCheck: New page: Map Check
[2015.03.11-05.07.34:142][  0]LightingResults: New page: Lighting Build
[2015.03.11-05.07.34:582][  0]LogParticles: Destroying 0 GPU particle simulations for FXSystem 0x00000000040DE980
[2015.03.11-05.07.36:627][  0]LogEditorServer: Finished looking for orphan Actors (0.000 secs)
[2015.03.11-05.07.36:636][  0]LogAIModule: Creating AISystem for world Untitled_1
[2015.03.11-05.07.36:645][  0]Cmd: MAP CHECKDEP
[2015.03.11-05.07.36:651][  0]MapCheck: New page: Untitled_1 - Mar 11, 2015, 7:07:36 AM
[2015.03.11-05.07.36:741][  0]MapCheck: Info Map check complete: 0 Error(s), 0 Warning(s), took 94.953ms to complete.
[2015.03.11-05.07.36:751][  0]LogFileHelpers: Loading map 'Template_Default' took 3.041
[2015.03.11-05.07.38:124][  0]LogSourceControl: RunCommandInternalRaw: 'git status'
[2015.03.11-05.07.38:124][  0]LogSourceControl: RunCommandInternalRaw: ExecProcess ReturnCode=0 OutResults='On branch master
Your branch is up-to-date with 'origin/master'.

Changes to be committed:
  (use "git reset HEAD <file>..." to unstage)

	new file:   VisionUE/Content/FOnt.uasset
	new file:   VisionUE/Content/GM.uasset
	new file:   VisionUE/Content/PC.uasset
	new file:   VisionUE/Content/RpgStatControll.uasset
	new file:   VisionUE/Content/StatBlock.uasset
	new file:   VisionUE/Content/Test.uasset
	new file:   VisionUE/Content/Window.uasset

Changes not staged for commit:
  (use "git add <file>..." to update what will be committed)
  (use "git checkout -- <file>..." to discard changes in working directory)

	modified:   VisionUE/Content/Default.umap
	modified:   VisionUE/Content/GM.uasset
	modified:   VisionUE/Content/PC.uasset
	modified:   VisionUE/Content/RpgStatControll.uasset
	modified:   VisionUE/Content/StatBlock.uasset
	modified:   VisionUE/Content/Test.uasset
	modified:   VisionUE/Content/Window.uasset
	modified:   VisionUE/Intermediate/CachedAssetRegistry.bin
	modified:   VisionUE/Intermediate/ReimportCache/3688439234.bin
	modified:   VisionUE/Saved/Config/Windows/Editor.ini
	modified:   VisionUE/Saved/Config/Windows/EditorLayout.ini
	modified:   VisionUE/Saved/Config/Windows/EditorUserSettings.ini
	modified:   VisionUE/Saved/Config/Windows/Engine.ini
	modified:   VisionUE/Saved/Config/Windows/SourceControlSettings.ini
	modified:   VisionUE/Saved/Logs/VisionUE.log

Untracked files:
  (use "git add <file>..." to include in what will be committed)

	VisionUE/Saved/AutoScreenshot.png
	VisionUE/Saved/Autosaves/Game/
	VisionUE/Saved/Backup/CharacterStatWindow_2015-03-10-15-55-41.uasset
	VisionUE/Saved/Backup/CharacterStatWindow_2015-03-10-16-01-28.uasset
	VisionUE/Saved/Backup/CharacterStatWindow_2015-03-10-16-10-47.uasset
	VisionUE/Saved/Backup/CharacterStatWindow_2015-03-10-16-15-56.uasset
	VisionUE/Saved/Backup/CharacterStatWindow_2015-03-10-16-22-07.uasset
	VisionUE/Saved/Backup/Default_2015-03-10-15-45-40.umap
	VisionUE/Saved/Backup/Default_2015-03-10-16-12-34.umap
	VisionUE/Saved/Backup/Default_2015-03-10-16-35-02.umap
	VisionUE/Saved/Backup/Default_2015-03-10-16-48-56.umap
	VisionUE/Saved/Backup/Default_2015-03-10-17-47-37.umap
	VisionUE/Saved/Backup/DragableWindow_2015-03-10-16-34-12.uasset
	VisionUE/Saved/Backup/DragableWindow_2015-03-10-16-39-37.uasset
	VisionUE/Saved/Backup/DragableWindow_2015-03-10-16-44-42.uasset
	VisionUE/Saved/Backup/DragableWindow_2015-03-10-16-50-08.uasset
	VisionUE/Saved/Backup/DragableWindow_2015-03-10-16-56-36.uasset
	VisionUE/Saved/Backup/DragableWindow_2015-03-10-17-03-54.uasset
	VisionUE/Saved/Backup/DragableWindow_2015-03-10-17-09-07.uasset
	VisionUE/Saved/Backup/DragableWindow_2015-03-10-17-14-20.uasset
	VisionUE/Saved/Backup/DragableWindow_2015-03-10-17-19-35.uasset
	VisionUE/Saved/Backup/DragableWindow_2015-03-10-17-24-51.uasset
	VisionUE/Saved/Backup/GM_2015-03-10-16-13-00.uasset
	VisionUE/Saved/Backup/PC_2015-03-10-16-15-21.uasset
	VisionUE/Saved/Backup/PC_2015-03-10-17-23-11.uasset
	VisionUE/Saved/Backup/PC_2015-03-10-17-40-58.uasset
	VisionUE/Saved/Backup/PC_2015-03-10-17-58-11.uasset
	VisionUE/Saved/Backup/PC_2015-03-10-18-03-42.uasset
	VisionUE/Saved/Backup/PC_2015-03-10-18-08-55.uasset
	VisionUE/Saved/Backup/RpgStatControll_2015-03-10-15-49-05.uasset
	VisionUE/Saved/Backup/RpgStatControll_2015-03-10-16-14-24.uasset
	VisionUE/Saved/Backup/RpgStatControll_2015-03-10-16-22-20.uasset
	VisionUE/Saved/Backup/RpgStatControll_2015-03-10-16-32-05.uasset
	VisionUE/Saved/Backup/RpgStatControll_2015-03-10-16-46-27.uasset
	VisionUE/Saved/Backup/RpgStatControll_2015-03-10-17-20-52.uasset
	VisionUE/Saved/Backup/RpgStatControll_2015-03-10-17-27-47.uasset
	VisionUE/Saved/Backup/RpgStatControll_2015-03-10-17-33-04.uasset
	VisionUE/Saved/Backup/RpgStatControll_2015-03-10-17-40-58.uasset
	VisionUE/Saved/Backup/RpgStatControll_2015-03-10-17-46-09.uasset
	VisionUE/Saved/Backup/RpgStatControll_2015-03-10-17-59-43.uasset
	VisionUE/Saved/Backup/RpgStatControll_2015-03-10-18-04-45.uasset
	VisionUE/Saved/Backup/RpgStatControll_2015-03-10-18-10-42.uasset
	VisionUE/Saved/Backup/RpgStatControll_2015-03-10-18-16-18.uasset
	VisionUE/Saved/Backup/RpgStatControll_2015-03-10-18-21-28.uasset
	VisionUE/Saved/Backup/StatBlock_2015-03-10-15-47-16.uasset
	VisionUE/Saved/Backup/Test_2015-03-10-18-08-48.uasset
	VisionUE/Saved/Backup/Window_2015-03-10-17-25-54.uasset
	VisionUE/Saved/Backup/Window_2015-03-10-17-31-08.uasset
	VisionUE/Saved/Backup/Window_2015-03-10-17-43-00.uasset
	VisionUE/Saved/Backup/Window_2015-03-10-18-03-40.uasset
	VisionUE/Saved/Backup/Window_2015-03-10-18-09-55.uasset
	VisionUE/Saved/Backup/Window_2015-03-10-18-14-58.uasset
	VisionUE/Saved/Diff/
	VisionUE/Saved/Logs/Dump-1267677776.dmp
	VisionUE/Saved/Logs/Dump-1868627776.dmp
	VisionUE/Saved/Logs/VisionUE-backup-2015.03.10-15.41.40.log
	VisionUE/Saved/Logs/VisionUE-backup-2015.03.10-16.32.48.log
	VisionUE/Saved/Logs/VisionUE-backup-2015.03.10-16.47.01.log
	VisionUE/Saved/Logs/VisionUE-backup-2015.03.10-16.47.58.log
	VisionUE/Saved/Logs/VisionUE-backup-2015.03.11-06.06.44.log

'
[2015.03.11-05.07.38:125][  0]LogSourceControl: RunCommandInternalRaw: 'git symbolic-ref --short HEAD'
[2015.03.11-05.07.38:125][  0]LogSourceControl: RunCommandInternalRaw: ExecProcess ReturnCode=0 OutResults='master
'
[2015.03.11-05.07.38:125][  0]LogCollectionManager: Loaded 0 collections in 0.001635 seconds
[2015.03.11-05.07.38:149][  0]LogContentBrowser: Native class hierarchy populated in 0.0242 seconds. Added 1696 classes and 261 folders.
[2015.03.11-05.07.38:277][  0]LogContentBrowser:Verbose: The content browser source was changed by the sources view to '/Game'
[2015.03.11-05.07.38:348][  0]LogContentBrowser: Native class hierarchy updated for 'SceneOutliner' in 0.0017 seconds. Added 1 classes and 2 folders.
[2015.03.11-05.07.39:091][  0]LogCrashTracker: Crashtracker disabled due to settings.
[2015.03.11-05.07.39:125][  0]LogSlate:Warning: Failed to load font data from 'Veranda'
[2015.03.11-05.07.39:204][  0]LogUObjectGlobals:Warning: Failed to find object 'Class None.'
[2015.03.11-05.07.39:309][  0]LogLoad: Full Startup: 58.06 seconds (BP compile: 0.35 seconds)
[2015.03.11-05.07.40:068][  0]SourceControl: Info master
[2015.03.11-05.07.40:508][  0]LogRenderer:Warning: Reallocating scene render targets to support 808x384 (Frame:2).
[2015.03.11-05.07.41:810][  4]LogAssetRegistry: Asset discovery search completed in 14.4400 seconds
[2015.03.11-05.07.46:702][ 31]LogSourceControl: RunCommandInternalRaw: 'git status --porcelain --ignored "D:/GitHub/Vision/VisionUE/Content/Default.umap" "D:/GitHub/Vision/VisionUE/Content/FOnt.uasset" "D:/GitHub/Vision/VisionUE/Content/GM.uasset" "D:/GitHub/Vision/VisionUE/Content/PC.uasset" "D:/GitHub/Vision/VisionUE/Content/RpgStatControll.uasset" "D:/GitHub/Vision/VisionUE/Content/StatBlock.uasset" "D:/GitHub/Vision/VisionUE/Content/Test.uasset" "D:/GitHub/Vision/VisionUE/Content/Window.uasset"'
[2015.03.11-05.07.46:713][ 31]LogSourceControl: RunCommandInternalRaw: ExecProcess ReturnCode=0 OutResults=' M VisionUE/Content/Default.umap
A  VisionUE/Content/FOnt.uasset
AM VisionUE/Content/GM.uasset
AM VisionUE/Content/PC.uasset
AM VisionUE/Content/RpgStatControll.uasset
AM VisionUE/Content/StatBlock.uasset
AM VisionUE/Content/Test.uasset
AM VisionUE/Content/Window.uasset
'
[2015.03.11-05.08.04:796][673]LogSourceControl: RunCommandInternalRaw: 'git status --porcelain --ignored "D:/GitHub/Vision/VisionUE/Content/FOnt.uasset"'
[2015.03.11-05.08.04:808][673]LogSourceControl: RunCommandInternalRaw: ExecProcess ReturnCode=0 OutResults='A  VisionUE/Content/FOnt.uasset
'
[2015.03.11-05.08.04:989][673]LogSourceControl: RunCommandInternalRaw: 'git reset "D:/GitHub/Vision/VisionUE/Content/FOnt.uasset"'
[2015.03.11-05.08.05:029][673]LogSourceControl: RunCommandInternalRaw: ExecProcess ReturnCode=0 OutResults='Unstaged changes after reset:
M	VisionUE/Content/Default.umap
M	VisionUE/Content/GM.uasset
M	VisionUE/Content/PC.uasset
M	VisionUE/Content/RpgStatControll.uasset
M	VisionUE/Content/StatBlock.uasset
M	VisionUE/Content/Test.uasset
M	VisionUE/Content/Window.uasset
M	VisionUE/Intermediate/CachedAssetRegistry.bin
M	VisionUE/Intermediate/ReimportCache/3688439234.bin
M	VisionUE/Saved/Config/Windows/Editor.ini
M	VisionUE/Saved/Config/Windows/EditorLayout.ini
M	VisionUE/Saved/Config/Windows/EditorUserSettings.ini
M	VisionUE/Saved/Config/Windows/Engine.ini
M	VisionUE/Saved/Config/Windows/SourceControlSettings.ini
M	VisionUE/Saved/Logs/VisionUE.log
'
[2015.03.11-05.08.05:029][673]LogSourceControl: RunCommandInternalRaw: 'git checkout "D:/GitHub/Vision/VisionUE/Content/FOnt.uasset"'
[2015.03.11-05.08.05:050][673]LogSourceControl: RunCommandInternalRaw: ExecProcess ReturnCode=1 OutResults=''
[2015.03.11-05.08.05:050][673]LogSourceControl:Error: RunCommandInternalRaw: ExecProcess ReturnCode=1 OutErrors='error: pathspec 'D:/GitHub/Vision/VisionUE/Content/FOnt.uasset' did not match any file(s) known to git.
'
[2015.03.11-05.08.05:050][673]LogSourceControl: RunCommandInternalRaw: 'git status --porcelain --ignored "D:/GitHub/Vision/VisionUE/Content/FOnt.uasset"'
[2015.03.11-05.08.05:061][673]LogSourceControl: RunCommandInternalRaw: ExecProcess ReturnCode=0 OutResults='?? VisionUE/Content/FOnt.uasset
'
[2015.03.11-05.08.05:061][673]SourceControl:Error: Error error: pathspec 'D:/GitHub/Vision/VisionUE/Content/FOnt.uasset' did not match any file(s) known to git.
[2015.03.11-05.08.08:306][758]Cmd: MAP LOAD FILE="../../../../../../../GitHub/Vision/VisionUE/Content/Default.umap" TEMPLATE=0 SHOWPROGRESS=1 FEATURELEVEL=3
[2015.03.11-05.08.08:306][758]LightingResults: New page: Lighting Build
[2015.03.11-05.08.08:333][758]LoadErrors: New page: Loading map: Default.umap
[2015.03.11-05.08.08:345][758]MapCheck: New page: Map Check
[2015.03.11-05.08.08:345][758]LightingResults: New page: Lighting Build
[2015.03.11-05.08.08:358][758]LogParticles: Destroying 0 GPU particle simulations for FXSystem 0x000000000DC33060
[2015.03.11-05.08.08:434][758]LogEditorServer: Finished looking for orphan Actors (0.000 secs)
[2015.03.11-05.08.08:435][758]LogAIModule: Creating AISystem for world Default
[2015.03.11-05.08.08:462][758]Cmd: MAP CHECKDEP
[2015.03.11-05.08.08:463][758]MapCheck: New page: Default - Mar 11, 2015, 7:08:08 AM
[2015.03.11-05.08.08:543][758]MapCheck: Info Map check complete: 0 Error(s), 0 Warning(s), took 80.176ms to complete.
[2015.03.11-05.08.08:543][758]LogFileHelpers: Loading map 'Default' took 0.239
[2015.03.11-05.08.09:022][775]LogPlayLevel: PIE:  No blueprints needed recompiling
[2015.03.11-05.08.09:022][775]PIE: New page: PIE session: Default (Mar 11, 2015, 7:08:09 AM)
[2015.03.11-05.08.09:031][775]LogPlayLevel: PIE: StaticDuplicateObject took: (0.007701s)
[2015.03.11-05.08.09:032][775]LogPlayLevel: PIE: World Init took: (0.001021s)
[2015.03.11-05.08.09:032][775]LogPlayLevel: PIE: Created PIE world by copying editor world from /Game/Default.Default to /Game/UEDPIE_0_Default.Default (0.008914s)
[2015.03.11-05.08.09:149][775]LogWorld: Game class is 'GM_C'
[2015.03.11-05.08.09:223][775]LogAIModule: Creating AISystem for world Default
[2015.03.11-05.08.09:226][775]LogWorld: Bringing World /Game/UEDPIE_0_Default.Default up for play (max tick rate 0) at 2015.03.11-06.08.09
[2015.03.11-05.08.09:240][775]LogWorld: Bringing up level for play took: 0.015860
[2015.03.11-05.08.09:344][775]PIE: Info Play in editor start time for /Game/UEDPIE_0_Default -0.648
[2015.03.11-05.08.47:793][166]LogSourceControl: RunCommandInternalRaw: 'git status --porcelain --ignored "D:/GitHub/Vision/VisionUE/Content/Default.umap"'
[2015.03.11-05.08.47:805][166]LogSourceControl: RunCommandInternalRaw: ExecProcess ReturnCode=0 OutResults=' M VisionUE/Content/Default.umap
'
[2015.03.11-05.08.47:908][166]Cmd: OBJ SAVEPACKAGE PACKAGE="/Game/Default" FILE="../../../../../../../GitHub/Vision/VisionUE/Content/Default.umap" SILENT=true AUTOSAVING=false KEEPDIRTY=false
[2015.03.11-05.08.47:993][166]LogSavePackage: Save=39.356400ms
[2015.03.11-05.08.47:993][166]LogSavePackage: Moving '../../../../../../../GitHub/Vision/VisionUE/Saved/DefaultD5E8AC1A4D2DA85D5B14A7864D4F05F7.tmp' to '../../../../../../../GitHub/Vision/VisionUE/Content/Default.umap'
[2015.03.11-05.08.48:043][167]LogSourceControl: RunCommandInternalRaw: 'git status --porcelain --ignored "D:/GitHub/Vision/VisionUE/Content/Default.umap"'
[2015.03.11-05.08.48:055][168]LogSourceControl: RunCommandInternalRaw: ExecProcess ReturnCode=0 OutResults=' M VisionUE/Content/Default.umap
'
[2015.03.11-05.08.51:127][305]LogContentBrowser:Verbose: The content browser source was changed by the sources view to '/Game'
[2015.03.11-05.08.52:149][342]LogSourceControl: RunCommandInternalRaw: 'git status --porcelain --ignored "D:/GitHub/Vision/VisionUE/Content/Default.umap" "D:/GitHub/Vision/VisionUE/Content/GM.uasset" "D:/GitHub/Vision/VisionUE/Content/PC.uasset" "D:/GitHub/Vision/VisionUE/Content/RpgStatControll.uasset" "D:/GitHub/Vision/VisionUE/Content/StatBlock.uasset" "D:/GitHub/Vision/VisionUE/Content/Test.uasset" "D:/GitHub/Vision/VisionUE/Content/Window.uasset"'
[2015.03.11-05.08.52:155][342]LogSourceControl: RunCommandInternalRaw: ExecProcess ReturnCode=0 OutResults=' M VisionUE/Content/Default.umap
AM VisionUE/Content/GM.uasset
AM VisionUE/Content/PC.uasset
AM VisionUE/Content/RpgStatControll.uasset
AM VisionUE/Content/StatBlock.uasset
AM VisionUE/Content/Test.uasset
AM VisionUE/Content/Window.uasset
'
[2015.03.11-05.08.58:885][595]LogContentBrowser:Verbose: The content browser source was changed by the sources view to '/Game/Item'
[2015.03.11-05.09.39:036][702]LogContentBrowser:Verbose: The content browser source was changed by the sources view to '/Game/Item'
[2015.03.11-05.09.58:417][402]LogSourceControl: RunCommandInternalRaw: 'git status --porcelain --ignored "D:/GitHub/Vision/VisionUE/Content/Item/Base_Item.uasset"'
[2015.03.11-05.09.58:431][402]LogSourceControl: RunCommandInternalRaw: ExecProcess ReturnCode=0 OutResults=''
[2015.03.11-05.09.59:495][438]LogSourceControl: RunCommandInternalRaw: 'git status --porcelain --ignored "D:/GitHub/Vision/VisionUE/Content/Item/Base_Item.uasset"'
[2015.03.11-05.09.59:506][438]LogSourceControl: RunCommandInternalRaw: ExecProcess ReturnCode=0 OutResults=''
[2015.03.11-05.09.59:586][438]Cmd: OBJ SAVEPACKAGE PACKAGE="/Game/Item/Base_Item" FILE="../../../../../../../GitHub/Vision/VisionUE/Content/Item/Base_Item.uasset" SILENT=true
[2015.03.11-05.09.59:604][438]LogSavePackage: Save=15.032637ms
[2015.03.11-05.09.59:604][438]LogSavePackage: Moving '../../../../../../../GitHub/Vision/VisionUE/Saved/Base_Item960984294EF00FB48517FE95135C7178.tmp' to '../../../../../../../GitHub/Vision/VisionUE/Content/Item/Base_Item.uasset'
[2015.03.11-05.09.59:636][438]LogSourceControl: RunCommandInternalRaw: 'git add "D:/GitHub/Vision/VisionUE/Content/Item/Base_Item.uasset"'
[2015.03.11-05.09.59:681][438]LogSourceControl: RunCommandInternalRaw: ExecProcess ReturnCode=0 OutResults=''
[2015.03.11-05.09.59:681][438]LogSourceControl: RunCommandInternalRaw: 'git status --porcelain --ignored "D:/GitHub/Vision/VisionUE/Content/Item/Base_Item.uasset"'
[2015.03.11-05.09.59:692][438]LogSourceControl: RunCommandInternalRaw: ExecProcess ReturnCode=0 OutResults='A  VisionUE/Content/Item/Base_Item.uasset
'
[2015.03.11-05.09.59:704][439]LogSourceControl: RunCommandInternalRaw: 'git status --porcelain --ignored "D:/GitHub/Vision/VisionUE/Content/Item/Base_Item.uasset"'
[2015.03.11-05.09.59:713][440]LogSourceControl: RunCommandInternalRaw: ExecProcess ReturnCode=0 OutResults='A  VisionUE/Content/Item/Base_Item.uasset
'
[2015.03.11-05.09.59:758][442]LogSourceControl: RunCommandInternalRaw: 'git status --porcelain --ignored "D:/GitHub/Vision/VisionUE/Content/Item/Base_Item.uasset"'
[2015.03.11-05.09.59:766][442]LogSourceControl: RunCommandInternalRaw: ExecProcess ReturnCode=0 OutResults='A  VisionUE/Content/Item/Base_Item.uasset
'
[2015.03.11-05.10.02:681][513]LogRenderer:Warning: Reallocating scene render targets to support 808x472 (Frame:3778).
[2015.03.11-05.10.27:647][236]LogParticles: Destroying 0 GPU particle simulations for FXSystem 0x000000000CA0E7A0
[2015.03.11-05.11.18:930][421]LogSourceControl: RunCommandInternalRaw: 'git status --porcelain --ignored "D:/GitHub/Vision/VisionUE/Content/Item/Base_Item.uasset"'
[2015.03.11-05.11.18:942][421]LogSourceControl: RunCommandInternalRaw: ExecProcess ReturnCode=0 OutResults='A  VisionUE/Content/Item/Base_Item.uasset
'
[2015.03.11-05.11.19:024][421]Cmd: OBJ SAVEPACKAGE PACKAGE="/Game/Item/Base_Item" FILE="../../../../../../../GitHub/Vision/VisionUE/Content/Item/Base_Item.uasset" SILENT=true
[2015.03.11-05.11.19:069][421]LogSavePackage: Save=31.101439ms
[2015.03.11-05.11.19:069][421]LogSavePackage: Moving '../../../../../../../GitHub/Vision/VisionUE/Saved/Base_Item748DF99B4126617BAD287DBEF82236D3.tmp' to '../../../../../../../GitHub/Vision/VisionUE/Content/Item/Base_Item.uasset'
[2015.03.11-05.11.19:083][422]LogSourceControl: RunCommandInternalRaw: 'git status --porcelain --ignored "D:/GitHub/Vision/VisionUE/Content/Item/Base_Item.uasset"'
[2015.03.11-05.11.19:090][423]LogSourceControl: RunCommandInternalRaw: ExecProcess ReturnCode=0 OutResults='AM VisionUE/Content/Item/Base_Item.uasset
'
[2015.03.11-05.11.19:365][453]BlueprintLog: New page: Compile Base_Item
[2015.03.11-05.11.19:457][453]BlueprintEditorCompileResults: Info [0278.22] Compile of Base_Item successful! [in 91 ms]
[2015.03.11-05.11.38:325][497]BlueprintLog: New page: Compile Base_Item
[2015.03.11-05.11.38:413][497]BlueprintEditorCompileResults: Info [0297.17] Compile of Base_Item successful! [in 87 ms]
[2015.03.11-05.11.38:852][541]LogSourceControl: RunCommandInternalRaw: 'git status --porcelain --ignored "D:/GitHub/Vision/VisionUE/Content/Item/Base_Item.uasset"'
[2015.03.11-05.11.38:864][541]LogSourceControl: RunCommandInternalRaw: ExecProcess ReturnCode=0 OutResults='AM VisionUE/Content/Item/Base_Item.uasset
'
[2015.03.11-05.11.38:962][541]Cmd: OBJ SAVEPACKAGE PACKAGE="/Game/Item/Base_Item" FILE="../../../../../../../GitHub/Vision/VisionUE/Content/Item/Base_Item.uasset" SILENT=true
[2015.03.11-05.11.38:991][541]LogSavePackage: Save=17.384333ms
[2015.03.11-05.11.38:991][541]LogSavePackage: Moving '../../../../../../../GitHub/Vision/VisionUE/Saved/Base_ItemF111548B41F4CFBD29F60BA0DF2587C7.tmp' to '../../../../../../../GitHub/Vision/VisionUE/Content/Item/Base_Item.uasset'
[2015.03.11-05.11.39:003][542]LogSourceControl: RunCommandInternalRaw: 'git status --porcelain --ignored "D:/GitHub/Vision/VisionUE/Content/Item/Base_Item.uasset"'
[2015.03.11-05.11.39:010][543]LogSourceControl: RunCommandInternalRaw: ExecProcess ReturnCode=0 OutResults='AM VisionUE/Content/Item/Base_Item.uasset
'
[2015.03.11-05.12.27:440][605]LogSourceControl: RunCommandInternalRaw: 'git status --porcelain --ignored "D:/GitHub/Vision/VisionUE/Content/Item/Base_Item.uasset"'
[2015.03.11-05.12.27:454][605]LogSourceControl: RunCommandInternalRaw: ExecProcess ReturnCode=0 OutResults='AM VisionUE/Content/Item/Base_Item.uasset
'
[2015.03.11-05.12.27:542][605]Cmd: OBJ SAVEPACKAGE PACKAGE="/Game/Item/Base_Item" FILE="../../../../../../../GitHub/Vision/VisionUE/Content/Item/Base_Item.uasset" SILENT=true
[2015.03.11-05.12.27:573][605]LogSavePackage: Save=19.001019ms
[2015.03.11-05.12.27:573][605]LogSavePackage: Moving '../../../../../../../GitHub/Vision/VisionUE/Saved/Base_Item6B384C0E49D8D75B6A4DC694A27E1834.tmp' to '../../../../../../../GitHub/Vision/VisionUE/Content/Item/Base_Item.uasset'
[2015.03.11-05.12.27:585][606]LogSourceControl: RunCommandInternalRaw: 'git status --porcelain --ignored "D:/GitHub/Vision/VisionUE/Content/Item/Base_Item.uasset"'
[2015.03.11-05.12.27:593][607]LogSourceControl: RunCommandInternalRaw: ExecProcess ReturnCode=0 OutResults='AM VisionUE/Content/Item/Base_Item.uasset
'
[2015.03.11-05.12.28:040][656]BlueprintLog: New page: Compile Base_Item
[2015.03.11-05.12.28:129][656]BlueprintEditorCompileResults: Info [0346.89] Compile of Base_Item successful! [in 89 ms]
[2015.03.11-05.12.41:680][139]BlueprintLog: New page: Compile Base_Item
[2015.03.11-05.12.41:770][139]BlueprintEditorCompileResults: Info [0360.53] Compile of Base_Item successful! [in 90 ms]
[2015.03.11-05.13.20:228][ 19]LogSourceControl: RunCommandInternalRaw: 'git status --porcelain --ignored "D:/GitHub/Vision/VisionUE/Content/Item/Base_Item.uasset"'
[2015.03.11-05.13.20:240][ 19]LogSourceControl: RunCommandInternalRaw: ExecProcess ReturnCode=0 OutResults='AM VisionUE/Content/Item/Base_Item.uasset
'
[2015.03.11-05.13.20:324][ 19]LogParticles: Destroying 0 GPU particle simulations for FXSystem 0x000000000C631A80
[2015.03.11-05.13.20:407][ 19]LogSourceControl: RunCommandInternalRaw: 'git reset "D:/GitHub/Vision/VisionUE/Content/Item/Base_Item.uasset"'
[2015.03.11-05.13.20:420][ 19]LogSourceControl: RunCommandInternalRaw: ExecProcess ReturnCode=0 OutResults='Unstaged changes after reset:
M	VisionUE/Content/Default.umap
M	VisionUE/Content/GM.uasset
M	VisionUE/Content/PC.uasset
M	VisionUE/Content/RpgStatControll.uasset
M	VisionUE/Content/StatBlock.uasset
M	VisionUE/Content/Test.uasset
M	VisionUE/Content/Window.uasset
M	VisionUE/Intermediate/CachedAssetRegistry.bin
M	VisionUE/Intermediate/ReimportCache/3688439234.bin
M	VisionUE/Saved/Config/Windows/Editor.ini
M	VisionUE/Saved/Config/Windows/EditorLayout.ini
M	VisionUE/Saved/Config/Windows/EditorUserSettings.ini
M	VisionUE/Saved/Config/Windows/Engine.ini
M	VisionUE/Saved/Config/Windows/SourceControlSettings.ini
M	VisionUE/Saved/Logs/VisionUE.log
'
[2015.03.11-05.13.20:420][ 19]LogSourceControl: RunCommandInternalRaw: 'git checkout "D:/GitHub/Vision/VisionUE/Content/Item/Base_Item.uasset"'
[2015.03.11-05.13.20:428][ 19]LogSourceControl: RunCommandInternalRaw: ExecProcess ReturnCode=1 OutResults=''
[2015.03.11-05.13.20:428][ 19]LogSourceControl:Error: RunCommandInternalRaw: ExecProcess ReturnCode=1 OutErrors='error: pathspec 'D:/GitHub/Vision/VisionUE/Content/Item/Base_Item.uasset' did not match any file(s) known to git.
'
[2015.03.11-05.13.20:428][ 19]LogSourceControl: RunCommandInternalRaw: 'git status --porcelain --ignored "D:/GitHub/Vision/VisionUE/Content/Item/Base_Item.uasset"'
[2015.03.11-05.13.20:447][ 19]LogSourceControl: RunCommandInternalRaw: ExecProcess ReturnCode=0 OutResults='?? VisionUE/Content/Item/Base_Item.uasset
'
[2015.03.11-05.13.20:447][ 19]SourceControl:Error: Error error: pathspec 'D:/GitHub/Vision/VisionUE/Content/Item/Base_Item.uasset' did not match any file(s) known to git.
[2015.03.11-05.16.50:294][774]Cmd: QUIT_EDITOR
[2015.03.11-05.16.50:542][774]LogExit: Preparing to exit.
[2015.03.11-05.16.51:052][774]LogExit: Editor shut down
[2015.03.11-05.16.51:052][774]LogExit: Transaction tracking system shut down
[2015.03.11-05.16.51:053][774]LogParticles: Destroying 0 GPU particle simulations for FXSystem 0x0000000014DF1300
[2015.03.11-05.16.51:054][774]LogParticles: Destroying 0 GPU particle simulations for FXSystem 0x000000000C883240
[2015.03.11-05.16.51:054][774]LogParticles: Destroying 0 GPU particle simulations for FXSystem 0x000000001B938A40
[2015.03.11-05.16.51:146][774]LogExit: Object subsystem successfully closed.
[2015.03.11-05.16.51:189][774]LogModuleManager: Shutting down and abandoning module CrashTracker (177)
[2015.03.11-05.16.51:189][774]LogModuleManager: Shutting down and abandoning module SuperSearch (176)
[2015.03.11-05.16.51:189][774]LogModuleManager: Shutting down and abandoning module SceneOutliner (175)
[2015.03.11-05.16.51:189][774]LogModuleManager: Shutting down and abandoning module EditorWidgets (174)
[2015.03.11-05.16.51:189][774]LogModuleManager: Shutting down and abandoning module CollectionManager (173)
[2015.03.11-05.16.51:189][774]LogModuleManager: Shutting down and abandoning module StatsViewer (172)
[2015.03.11-05.16.51:189][774]LogModuleManager: Shutting down and abandoning module FoliageEdit (171)
[2015.03.11-05.16.51:189][774]LogModuleManager: Shutting down and abandoning module LandscapeEditor (170)
[2015.03.11-05.16.51:190][774]LogModuleManager: Shutting down and abandoning module MeshPaint (169)
[2015.03.11-05.16.51:190][774]LogModuleManager: Shutting down and abandoning module ActorPickerMode (168)
[2015.03.11-05.16.51:190][774]LogModuleManager: Shutting down and abandoning module GeometryMode (167)
[2015.03.11-05.16.51:190][774]LogModuleManager: Shutting down and abandoning module TextureAlignMode (166)
[2015.03.11-05.16.51:190][774]LogModuleManager: Shutting down and abandoning module BspMode (165)
[2015.03.11-05.16.51:190][774]LogModuleManager: Shutting down and abandoning module PlacementMode (164)
[2015.03.11-05.16.51:190][774]LogModuleManager: Shutting down and abandoning module AutomationWorker (163)
[2015.03.11-05.16.51:190][774]LogModuleManager: Shutting down and abandoning module CharacterAI (162)
[2015.03.11-05.16.51:190][774]LogModuleManager: Shutting down and abandoning module SmartSnapping (161)
[2015.03.11-05.16.51:190][774]LogModuleManager: Shutting down and abandoning module ViewportSnapping (160)
[2015.03.11-05.16.51:190][774]LogModuleManager: Shutting down and abandoning module LogVisualizer (159)
[2015.03.11-05.16.51:190][774]LogModuleManager: Shutting down and abandoning module GameProjectGeneration (158)
[2015.03.11-05.16.51:190][774]LogModuleManager: Shutting down and abandoning module IntroTutorials (157)
[2015.03.11-05.16.51:190][774]LogModuleManager: Shutting down and abandoning module EditorLiveStreaming (156)
[2015.03.11-05.16.51:190][774]LogModuleManager: Shutting down and abandoning module HardwareTargeting (155)
[2015.03.11-05.16.51:190][774]LogModuleManager: Shutting down and abandoning module DeviceProfileEditor (154)
[2015.03.11-05.16.51:190][774]LogModuleManager: Shutting down and abandoning module UndoHistory (153)
[2015.03.11-05.16.51:190][774]LogModuleManager: Shutting down and abandoning module GameplayTagsEditor (152)
[2015.03.11-05.16.51:190][774]LogModuleManager: Shutting down and abandoning module UserFeedback (151)
[2015.03.11-05.16.51:190][774]LogModuleManager: Shutting down and abandoning module XmlParser (150)
[2015.03.11-05.16.51:190][774]LogModuleManager: Shutting down and abandoning module Blutility (149)
[2015.03.11-05.16.51:190][774]LogModuleManager: Shutting down and abandoning module IOSPlatformEditor (148)
[2015.03.11-05.16.51:190][774]LogModuleManager: Shutting down and abandoning module IOSRuntimeSettings (147)
[2015.03.11-05.16.51:190][774]LogModuleManager: Shutting down and abandoning module AndroidDeviceDetection (146)
[2015.03.11-05.16.51:689][774]LogModuleManager: Shutting down and abandoning module AndroidPlatformEditor (145)
[2015.03.11-05.16.51:689][774]LogModuleManager: Shutting down and abandoning module AndroidRuntimeSettings (144)
[2015.03.11-05.16.51:689][774]LogModuleManager: Shutting down and abandoning module ProjectTargetPlatformEditor (143)
[2015.03.11-05.16.51:689][774]LogModuleManager: Shutting down and abandoning module ProjectSettingsViewer (142)
[2015.03.11-05.16.51:689][774]LogModuleManager: Shutting down and abandoning module InputBindingEditor (141)
[2015.03.11-05.16.51:689][774]LogModuleManager: Shutting down and abandoning module EditorSettingsViewer (140)
[2015.03.11-05.16.51:689][774]LogModuleManager: Shutting down and abandoning module SettingsEditor (139)
[2015.03.11-05.16.51:689][774]LogModuleManager: Shutting down and abandoning module ProjectLauncher (138)
[2015.03.11-05.16.51:689][774]LogModuleManager: Shutting down and abandoning module SessionFrontend (137)
[2015.03.11-05.16.51:689][774]LogModuleManager: Shutting down and abandoning module ProfilerClient (136)
[2015.03.11-05.16.51:689][774]LogModuleManager: Shutting down and abandoning module TargetDeviceServices (135)
[2015.03.11-05.16.51:689][774]LogModuleManager: Shutting down and abandoning module DeviceManager (134)
[2015.03.11-05.16.51:689][774]LogModuleManager: Shutting down and abandoning module AutomationController (133)
[2015.03.11-05.16.51:689][774]LogModuleManager: Shutting down and abandoning module AutomationWindow (132)
[2015.03.11-05.16.51:689][774]LogModuleManager: Shutting down and abandoning module Layers (131)
[2015.03.11-05.16.51:689][774]LogModuleManager: Shutting down and abandoning module ComponentVisualizers (130)
[2015.03.11-05.16.51:689][774]LogModuleManager: Shutting down and abandoning module DetailCustomizations (129)
[2015.03.11-05.16.51:689][774]LogModuleManager: Shutting down and abandoning module PackagesDialog (128)
[2015.03.11-05.16.51:690][774]LogModuleManager: Shutting down and abandoning module AssetRegistry (127)
[2015.03.11-05.16.51:746][774]LogModuleManager: Shutting down and abandoning module Persona (126)
[2015.03.11-05.16.51:746][774]LogModuleManager: Shutting down and abandoning module SlateReflector (125)
[2015.03.11-05.16.51:746][774]LogModuleManager: Shutting down and abandoning module LevelEditor (124)
[2015.03.11-05.16.51:747][774]LogModuleManager: Shutting down and abandoning module Kismet (123)
[2015.03.11-05.16.51:747][774]LogModuleManager: Shutting down and abandoning module GraphEditor (122)
[2015.03.11-05.16.51:748][774]LogModuleManager: Shutting down and abandoning module ClassViewer (121)
[2015.03.11-05.16.51:748][774]LogModuleManager: Shutting down and abandoning module Toolbox (120)
[2015.03.11-05.16.51:748][774]LogModuleManager: Shutting down and abandoning module ModuleUI (119)
[2015.03.11-05.16.51:748][774]LogModuleManager: Shutting down and abandoning module MovieSceneTools (118)
[2015.03.11-05.16.51:748][774]LogModuleManager: Shutting down and abandoning module OutputLog (117)
[2015.03.11-05.16.51:748][774]LogModuleManager: Shutting down and abandoning module GammaUI (116)
[2015.03.11-05.16.51:748][774]LogModuleManager: Shutting down and abandoning module Documentation (115)
[2015.03.11-05.16.51:748][774]LogModuleManager: Shutting down and abandoning module GameLiveStreaming (114)
[2015.03.11-05.16.51:748][774]LogModuleManager: Shutting down and abandoning module StreamingPauseRendering (113)
[2015.03.11-05.16.51:748][774]LogModuleManager: Shutting down and abandoning module HTTP (112)
[2015.03.11-05.16.51:748][774]LogModuleManager: Shutting down and abandoning module AnalyticsET (111)
[2015.03.11-05.16.51:748][774]LogModuleManager: Shutting down and abandoning module Analytics (110)
[2015.03.11-05.16.51:748][774]LogModuleManager: Shutting down and abandoning module AITestSuite (109)
[2015.03.11-05.16.51:748][774]LogModuleManager: Shutting down and abandoning module GameplayDebugger (108)
[2015.03.11-05.16.51:748][774]LogModuleManager: Shutting down and abandoning module AIModule (107)
[2015.03.11-05.16.51:748][774]LogModuleManager: Shutting down and abandoning module ProfilerService (106)
[2015.03.11-05.16.51:815][774]LogModuleManager: Shutting down and abandoning module TaskGraph (105)
[2015.03.11-05.16.51:815][774]LogModuleManager: Shutting down and abandoning module SlateRemote (104)
[2015.03.11-05.16.51:815][774]LogModuleManager: Shutting down and abandoning module ScriptEditorPlugin (103)
[2015.03.11-05.16.51:815][774]LogModuleManager: Shutting down and abandoning module CustomMeshComponent (102)
[2015.03.11-05.16.51:815][774]LogModuleManager: Shutting down and abandoning module CableComponent (101)
[2015.03.11-05.16.51:815][774]LogModuleManager: Shutting down and abandoning module MessagingDebugger (100)
[2015.03.11-05.16.51:815][774]LogModuleManager: Shutting down and abandoning module MediaPlayerEditor (99)
[2015.03.11-05.16.51:815][774]LogModuleManager: Shutting down and abandoning module SpeedTreeImporter (98)
[2015.03.11-05.16.51:815][774]LogModuleManager: Shutting down and abandoning module PluginsEditor (97)
[2015.03.11-05.16.51:815][774]LogModuleManager: Shutting down and abandoning module MainFrame (96)
[2015.03.11-05.16.51:815][774]LogModuleManager: Shutting down and abandoning module EpicSurvey (95)
[2015.03.11-05.16.51:815][774]LogModuleManager: Shutting down and abandoning module DesktopPlatform (94)
[2015.03.11-05.16.51:815][774]LogModuleManager: Shutting down and abandoning module DirectoryWatcher (93)
[2015.03.11-05.16.51:816][774]LogModuleManager: Shutting down and abandoning module HotReload (92)
[2015.03.11-05.16.51:816][774]LogModuleManager: Shutting down and abandoning module VisualStudioSourceCodeAccess (91)
[2015.03.11-05.16.51:816][774]LogModuleManager: Shutting down and abandoning module UObjectPlugin (90)
[2015.03.11-05.16.51:816][774]LogModuleManager: Shutting down and abandoning module SubversionSourceControl (89)
[2015.03.11-05.16.51:816][774]LogModuleManager: Shutting down and abandoning module PerforceSourceControl (88)
[2015.03.11-05.16.51:816][774]LogModuleManager: Shutting down and abandoning module SourceControl (87)
[2015.03.11-05.16.51:816][774]LogModuleManager: Shutting down and abandoning module GitSourceControl (86)
[2015.03.11-05.16.51:816][774]LogModuleManager: Shutting down and abandoning module BlankPlugin (85)
[2015.03.11-05.16.51:816][774]LogModuleManager: Shutting down and abandoning module PaperTiledImporter (84)
[2015.03.11-05.16.51:816][774]LogModuleManager: Shutting down and abandoning module PaperJsonImporter (83)
[2015.03.11-05.16.51:816][774]LogModuleManager: Shutting down and abandoning module ContentBrowser (82)
[2015.03.11-05.16.51:817][774]LogModuleManager: Shutting down and abandoning module Paper2DEditor (81)
[2015.03.11-05.16.51:817][774]LogModuleManager: Shutting down and abandoning module ScriptPlugin (80)
[2015.03.11-05.16.51:817][774]LogModuleManager: Shutting down and abandoning module UdpMessaging (79)
[2015.03.11-05.16.51:917][774]LogModuleManager: Shutting down and abandoning module Paper2D (78)
[2015.03.11-05.16.51:917][774]LogModuleManager: Shutting down and abandoning module WindowsMoviePlayer (77)
[2015.03.11-05.16.51:920][774]LogModuleManager: Shutting down and abandoning module Media (76)
[2015.03.11-05.16.51:920][774]LogModuleManager: Shutting down and abandoning module WmfMedia (75)
[2015.03.11-05.16.51:920][774]LogModuleManager: Shutting down and abandoning module OnlineBlueprintSupport (74)
[2015.03.11-05.16.51:920][774]LogModuleManager: Shutting down and abandoning module PropertyEditor (73)
[2015.03.11-05.16.51:920][774]LogModuleManager: Shutting down and abandoning module BehaviorTreeEditor (72)
[2015.03.11-05.16.51:920][774]LogModuleManager: Shutting down and abandoning module FunctionalTesting (71)
[2015.03.11-05.16.51:920][774]LogModuleManager: Shutting down and abandoning module CollisionAnalyzer (70)
[2015.03.11-05.16.51:920][774]LogModuleManager: Shutting down and abandoning module WorkspaceMenuStructure (69)
[2015.03.11-05.16.51:920][774]LogModuleManager: Shutting down and abandoning module MessageLog (68)
[2015.03.11-05.16.51:920][774]LogModuleManager: Shutting down and abandoning module Sequencer (67)
[2015.03.11-05.16.51:920][774]LogModuleManager: Shutting down and abandoning module AssetTools (66)
[2015.03.11-05.16.51:920][774]LogModuleManager: Shutting down and abandoning module UMGEditor (65)
[2015.03.11-05.16.51:920][774]LogModuleManager: Shutting down and abandoning module UMG (64)
[2015.03.11-05.16.51:920][774]LogModuleManager: Shutting down and abandoning module Slate (63)
[2015.03.11-05.16.51:920][774]LogModuleManager: Shutting down and abandoning module EditorStyle (62)
[2015.03.11-05.16.51:924][774]LogModuleManager: Shutting down and abandoning module SessionServices (61)
[2015.03.11-05.16.51:924][774]LogModuleManager: Shutting down and abandoning module SourceCodeAccess (60)
[2015.03.11-05.16.51:924][774]LogModuleManager: Shutting down and abandoning module HeadMountedDisplay (59)
[2015.03.11-05.16.51:924][774]LogModuleManager: Shutting down and abandoning module XAudio2 (58)
[2015.03.11-05.16.51:924][774]LogModuleManager: Shutting down and abandoning module Networking (56)
[2015.03.11-05.16.51:924][774]LogModuleManager: Shutting down and abandoning module Core (55)
[2015.03.11-05.16.51:924][774]LogModuleManager: Shutting down and abandoning module KismetCompiler (54)
[2015.03.11-05.16.51:924][774]LogModuleManager: Shutting down and abandoning module PhysXFormats (53)
[2015.03.11-05.16.51:924][774]LogModuleManager: Shutting down and abandoning module MeshUtilities (52)
[2015.03.11-05.16.51:924][774]LogModuleManager: Shutting down and abandoning module DerivedDataCache (51)
[2015.03.11-05.16.51:932][774]LogDerivedDataCache: Shutdown
[2015.03.11-05.16.51:932][774]LogModuleManager: Shutting down and abandoning module ShaderFormatOpenGL (50)
[2015.03.11-05.16.51:932][774]LogModuleManager: Shutting down and abandoning module ShaderFormatD3D (49)
[2015.03.11-05.16.51:932][774]LogModuleManager: Shutting down and abandoning module MetalShaderFormat (48)
[2015.03.11-05.16.51:932][774]LogModuleManager: Shutting down and abandoning module TextureFormatUncompressed (47)
[2015.03.11-05.16.51:932][774]LogModuleManager: Shutting down and abandoning module TextureFormatPVR (46)
[2015.03.11-05.16.51:932][774]LogModuleManager: Shutting down and abandoning module TextureFormatIntelISPCTexComp (45)
[2015.03.11-05.16.51:932][774]LogModuleManager: Shutting down and abandoning module TextureFormatDXT (44)
[2015.03.11-05.16.51:932][774]LogModuleManager: Shutting down and abandoning module ImageWrapper (43)
[2015.03.11-05.16.51:932][774]LogModuleManager: Shutting down and abandoning module TextureFormatASTC (42)
[2015.03.11-05.16.51:932][774]LogModuleManager: Shutting down and abandoning module TextureFormatAndroid (41)
[2015.03.11-05.16.51:932][774]LogModuleManager: Shutting down and abandoning module AudioFormatOpus (40)
[2015.03.11-05.16.51:932][774]LogModuleManager: Shutting down and abandoning module AudioFormatOgg (39)
[2015.03.11-05.16.51:932][774]LogModuleManager: Shutting down and abandoning module AudioFormatADPCM (38)
[2015.03.11-05.16.51:932][774]LogModuleManager: Shutting down and abandoning module LinuxTargetPlatform (37)
[2015.03.11-05.16.51:932][774]LogModuleManager: Shutting down and abandoning module LinuxServerTargetPlatform (36)
[2015.03.11-05.16.51:932][774]LogModuleManager: Shutting down and abandoning module LinuxNoEditorTargetPlatform (35)
[2015.03.11-05.16.51:932][774]LogModuleManager: Shutting down and abandoning module Messaging (34)
[2015.03.11-05.16.51:932][774]LogModuleManager: Shutting down and abandoning module IOSTargetPlatform (33)
[2015.03.11-05.16.51:932][774]LogModuleManager: Shutting down and abandoning module HTML5TargetPlatform (32)
[2015.03.11-05.16.51:932][774]LogModuleManager: Shutting down and abandoning module Android_PVRTCTargetPlatform (31)
[2015.03.11-05.16.51:932][774]LogModuleManager: Shutting down and abandoning module Android_ETC2TargetPlatform (30)
[2015.03.11-05.16.51:932][774]LogModuleManager: Shutting down and abandoning module Android_ETC1TargetPlatform (29)
[2015.03.11-05.16.51:932][774]LogModuleManager: Shutting down and abandoning module Android_ES31TargetPlatform (28)
[2015.03.11-05.16.51:932][774]LogModuleManager: Shutting down and abandoning module Android_DXTTargetPlatform (27)
[2015.03.11-05.16.51:932][774]LogModuleManager: Shutting down and abandoning module Android_ATCTargetPlatform (26)
[2015.03.11-05.16.51:932][774]LogModuleManager: Shutting down and abandoning module AndroidTargetPlatform (25)
[2015.03.11-05.16.51:932][774]LogModuleManager: Shutting down and abandoning module WindowsTargetPlatform (24)
[2015.03.11-05.16.51:932][774]LogModuleManager: Shutting down and abandoning module WindowsServerTargetPlatform (23)
[2015.03.11-05.16.51:932][774]LogModuleManager: Shutting down and abandoning module WindowsNoEditorTargetPlatform (22)
[2015.03.11-05.16.51:932][774]LogModuleManager: Shutting down and abandoning module WindowsClientTargetPlatform (21)
[2015.03.11-05.16.51:932][774]LogModuleManager: Shutting down and abandoning module TargetPlatform (20)
[2015.03.11-05.16.51:932][774]LogModuleManager: Shutting down and abandoning module InputCore (19)
[2015.03.11-05.16.51:932][774]LogModuleManager: Shutting down and abandoning module Settings (18)
[2015.03.11-05.16.51:932][774]LogModuleManager: Shutting down and abandoning module OnlineSubsystem (16)
[2015.03.11-05.16.51:932][774]LogModuleManager: Shutting down and abandoning module OculusRift (15)
[2015.03.11-05.16.51:932][774]LogModuleManager: Shutting down and abandoning module ExampleDeviceProfileSelector (14)
[2015.03.11-05.16.51:932][774]LogModuleManager: Shutting down and abandoning module TextureCompressor (13)
[2015.03.11-05.16.51:932][774]LogModuleManager: Shutting down and abandoning module ShaderCore (12)
[2015.03.11-05.16.51:932][774]LogModuleManager: Shutting down and abandoning module Landscape (11)
[2015.03.11-05.16.51:932][774]LogModuleManager: Shutting down and abandoning module SlateRHIRenderer (10)
[2015.03.11-05.16.51:937][774]LogModuleManager: Shutting down and abandoning module OpenGLDrv (9)
[2015.03.11-05.16.51:937][774]LogModuleManager: Shutting down and abandoning module D3D11RHI (8)
[2015.03.11-05.16.51:937][774]LogModuleManager: Shutting down and abandoning module Renderer (7)
[2015.03.11-05.16.51:937][774]LogModuleManager: Shutting down and abandoning module Engine (6)
[2015.03.11-05.16.51:937][774]LogModuleManager: Shutting down and abandoning module CoreUObject (5)
[2015.03.11-05.16.51:937][774]LogModuleManager: Shutting down and abandoning module NetworkFile (4)
[2015.03.11-05.16.51:937][774]LogModuleManager: Shutting down and abandoning module StreamingFile (3)
[2015.03.11-05.16.51:937][774]LogModuleManager: Shutting down and abandoning module SandboxFile (2)
[2015.03.11-05.16.51:937][774]LogModuleManager: Shutting down and abandoning module PakFile (1)
[2015.03.11-05.16.51:938][774]LogExit: Exiting.
[2015.03.11-05.16.51:943][774]Log file closed, 03/11/15 06:16:51
