Log file open, 03/11/15 19:51:00
LogInit:Display: Running engine for game: VisionUE
LogInit: Version: 4.7.2-2467323+++depot+UE4-Releases+4.7
LogInit: API Version: 2455222
LogInit: Compiled (64-bit): Mar  2 2015 23:16:34
LogInit: Compiled with Visual C++: 18.00.21005.01
LogInit: Build Configuration: Development
LogInit: Branch Name: ++depot+UE4-Releases+4.7
LogInit: Command line:  
LogInit: Base directory: C:/Program Files/Epic Games/4.7/Engine/Binaries/Win64/
LogInit: Rocket: 1
[2015.03.11-18.51.00:451][  0]LogTaskGraph: Started task graph with 3 named threads and 4 total threads.
[2015.03.11-18.51.00:486][  0]LogOnline:Warning: No default platform service specified for OnlineSubsystem
[2015.03.11-18.51.00:500][  0]LogInit: Presizing for 0 objects not considered by GC, pre-allocating 0 bytes.
[2015.03.11-18.51.00:510][  0]LogInit: Object subsystem initialized
[2015.03.11-18.51.00:512][  0]LogConsoleResponse:Warning: Skipping Unknown console variable: 'TranslucentSortAxis = (X=0.000000,Y=-1.000000,Z=0.000000)'
[2015.03.11-18.51.00:512][  0]LogConsoleResponse:Warning:   Found in ini file 'C:/Users/meist_000/Documents/Unreal Projects/Vision/Vision/VisionUE/Saved/Config/Windows/Engine.ini', in section '[/Script/Engine.RendererSettings]'
[2015.03.11-18.51.00:512][  0]LogConsoleResponse:Warning: Skipping Unknown console variable: 'UIScaleRule = ShortestSide'
[2015.03.11-18.51.00:512][  0]LogConsoleResponse:Warning:   Found in ini file 'C:/Users/meist_000/Documents/Unreal Projects/Vision/Vision/VisionUE/Saved/Config/Windows/Engine.ini', in section '[/Script/Engine.RendererSettings]'
[2015.03.11-18.51.00:512][  0]LogConsoleResponse:Warning: Skipping Unknown console variable: 'UIScaleCurve = (EditorCurveData=(Keys=),ExternalCurve=None)'
[2015.03.11-18.51.00:512][  0]LogConsoleResponse:Warning:   Found in ini file 'C:/Users/meist_000/Documents/Unreal Projects/Vision/Vision/VisionUE/Saved/Config/Windows/Engine.ini', in section '[/Script/Engine.RendererSettings]'
[2015.03.11-18.51.00:513][  0]LogInit: Selected Device Profile: [Windows]
[2015.03.11-18.51.00:513][  0]LogInit: Applying CVar settings loaded from the selected device profile: [Windows]
[2015.03.11-18.51.00:520][  0]LogInit: Computer: MEIST163
[2015.03.11-18.51.00:520][  0]LogInit: User: meist000
[2015.03.11-18.51.00:520][  0]LogInit: CPU Page size=4096, Cores=2
[2015.03.11-18.51.00:520][  0]LogInit: High frequency timer resolution =2.533322 MHz
[2015.03.11-18.51.00:520][  0]LogMemory: Memory total: Physical=7.8GB (8GB approx) Virtual=131072.0GB
[2015.03.11-18.51.00:520][  0]LogMemory: Platform Memory Stats for Windows
[2015.03.11-18.51.00:520][  0]LogMemory: Process Physical Memory: 45.88 MB used, 45.88 MB peak
[2015.03.11-18.51.00:520][  0]LogMemory: Process Virtual Memory: 26.26 MB used, 26.27 MB peak
[2015.03.11-18.51.00:520][  0]LogMemory: Physical Memory: 2612.27 MB used, 8007.27 MB total
[2015.03.11-18.51.00:520][  0]LogMemory: Virtual Memory: 287.88 MB used, 134217728.00 MB total
[2015.03.11-18.51.00:551][  0]LogD3D11RHI: Found D3D11 adapter 0: Intel(R) HD Graphics 4000 (Feature Level 11_0)
[2015.03.11-18.51.00:551][  0]LogD3D11RHI: Adapter has 96MB of dedicated video memory, 0MB of dedicated system memory, and 1696MB of shared system memory, 1 output[s]
[2015.03.11-18.51.00:562][  0]LogD3D11RHI: Found D3D11 adapter 1: NVIDIA GeForce 710M       (Feature Level 11_0)
[2015.03.11-18.51.00:562][  0]LogD3D11RHI: Adapter has 1994MB of dedicated video memory, 0MB of dedicated system memory, and 2047MB of shared system memory, 0 output[s]
[2015.03.11-18.51.00:564][  0]LogD3D11RHI: Found D3D11 adapter 2: Microsoft Basic Render Driver (Feature Level 11_0)
[2015.03.11-18.51.00:564][  0]LogD3D11RHI: Adapter has 0MB of dedicated video memory, 0MB of dedicated system memory, and 256MB of shared system memory, 0 output[s]
[2015.03.11-18.51.00:564][  0]LogD3D11RHI: Chosen D3D11 Adapter Id = 0
[2015.03.11-18.51.00:568][  0]LogRHI: Texture pool is 1361 MB (70% of 1945 MB)
[2015.03.11-18.51.00:577][  0]LogD3D11RHI: Async texture creation enabled
[2015.03.11-18.51.00:639][  0]LogTextLocalizationManager: The requested culture ('de_DE') has no localization data; falling back to 'en' for localization and internationalization data.
[2015.03.11-18.51.00:821][  0]LogContentStreaming: Texture pool size is 0.000000MB
[2015.03.11-18.51.03:452][  0]LogTargetPlatformManager:Display: Building Assets For Windows
[2015.03.11-18.51.04:097][  0]LogTargetPlatformManager:Display: Building Assets For Windows
[2015.03.11-18.51.04:165][  0]LogDerivedDataCache:Display: Max Cache Size: 512 MB
[2015.03.11-18.51.04:208][  0]LogDerivedDataCache: Loaded boot cache 0.04s 39MB C:/Users/meist_000/AppData/Local/UnrealEngine/4.7/DerivedDataCache/Boot.ddc.
[2015.03.11-18.51.04:208][  0]LogDerivedDataCache:Display: Loaded Boot cache: C:/Users/meist_000/AppData/Local/UnrealEngine/4.7/DerivedDataCache/Boot.ddc
[2015.03.11-18.51.04:208][  0]LogDerivedDataCache: FDerivedDataBackendGraph:  Pak pak cache file ../../../../../../Users/meist_000/Documents/Unreal Projects/Vision/Vision/VisionUE/DerivedDataCache/DDC.ddp not found, will not use a pak cache.
[2015.03.11-18.51.04:208][  0]LogDerivedDataCache: Unable to find inner node Pak for hierarchical cache Hierarchy.
[2015.03.11-18.51.04:345][  0]LogDerivedDataCache:Display: Pak cache opened for reading ../../../Engine/DerivedDataCache/Compressed.ddp.
[2015.03.11-18.51.04:358][  0]LogDerivedDataCache: Using Local data cache path C:/Users/meist_000/AppData/Local/UnrealEngine/Common/DerivedDataCache: Writable
[2015.03.11-18.51.04:681][  0]LogMeshUtilities: No automatic mesh reduction module available
[2015.03.11-18.51.04:681][  0]LogMeshUtilities: No automatic mesh merging module available
[2015.03.11-18.51.05:120][  0]LogInit: WinSock: version 1.1 (2.2), MaxSocks=32767, MaxUdp=65467
[2015.03.11-18.51.05:205][  0]LogSlate:Warning: Failed to load font data from '../../../Engine/Content/Slate/Fonts/Roboto-Italic.ttf'
[2015.03.11-18.51.06:073][  0]UdpMessaging: Initializing bridge on interface 0.0.0.0:0 to multicast group 230.0.0.1:6666.
[2015.03.11-18.51.06:288][  0]SourceControl: Info Source control is disabled
[2015.03.11-18.51.06:288][  0]SourceControl: Info Source control is disabled
[2015.03.11-18.51.06:288][  0]SourceControl: Info Source control is disabled
[2015.03.11-18.51.06:298][  0]LogSourceControl: RunCommandInternalRaw: 'git version'
[2015.03.11-18.51.06:306][  0]LogSourceControl: RunCommandInternalRaw: ExecProcess ReturnCode=0 OutResults='git version 1.9.5.github.0
'
[2015.03.11-18.51.06:520][  0]LogObj: 24231 objects as part of root set at end of initial load.
[2015.03.11-18.51.06:520][  0]LogUObjectAllocator: 5136440 out of 0 bytes used by permanent object pool.
[2015.03.11-18.51.06:615][  0]LogEngine: Initializing Engine...
[2015.03.11-18.51.09:785][  0]LogInit: XAudio2 using 'Lautsprecher (Realtek High Definition Audio)' : 2 channels at 48 kHz using 32 bits per sample (channel mask 0x3)
[2015.03.11-18.51.09:795][  0]LogInit: FAudioDevice initialized.
[2015.03.11-18.51.09:837][  0]LogAIModule: Creating AISystem for world NewWorld
[2015.03.11-18.51.09:858][  0]LogDerivedDataCache: Saved boot cache 0.02s 39MB C:/Users/meist_000/AppData/Local/UnrealEngine/4.7/DerivedDataCache/Boot.ddc.
[2015.03.11-18.51.09:861][  0]LogInit: Texture streaming: Enabled
[2015.03.11-18.51.09:969][  0]LogAnalytics: Creating configured Analytics provider AnalyticsET
[2015.03.11-18.51.09:969][  0]LogAnalytics: ET APIKey = Rocket.Release. APIServer = http://et2.epicgames.com/ET2/. AppVersion = 4.7.2-2467323+++depot+UE4-Releases+4.7
[2015.03.11-18.51.09:969][  0]LogAnalytics: ET APIKey = Rocket.Release. DataRouterUploadURL = https://datarouter-public-service-gamedev.ol.epicgames.net/datarouter/api/v1/public/data. AppVersion = 4.7.2-2467323+++depot+UE4-Releases+4.7
[2015.03.11-18.51.09:969][  0]LogAnalytics: SetUserId 222724604125b242a7db79ae57e8bd90|981b8d20bd674db4af8c95d87a848e1b|c6206c9f-8a67-4947-b67f-1a7580458ffd
[2015.03.11-18.51.09:969][  0]LogAnalytics: AnalyticsET::StartSession [Rocket.Release]
[2015.03.11-18.51.09:994][  0]LogInit: Transaction tracking system initialized
[2015.03.11-18.51.10:198][  0]BlueprintLog: New page: Editor Load
[2015.03.11-18.51.10:237][  0]LogAssetRegistry: FAssetRegistry took 0.0106 seconds to start up
[2015.03.11-18.51.10:237][  0]LogDirectoryWatcher:Warning: Failed to begin reading directory changes for ../../../Engine/Plugins/Experimental/CharacterAI/Content/. Error: 0
[2015.03.11-18.51.10:958][  0]LogTargetPlatformManager:Display: Building Assets For Windows
[2015.03.11-18.51.11:429][  0]LogTargetPlatformManager:Display: Building Assets For Windows
[2015.03.11-18.51.11:725][  0]LogSlate:Warning: Failed to load font data from '../../../Engine/Content/Editor/Slate/Fonts/Roboto-Regular.ttf'
[2015.03.11-18.51.11:725][  0]LogSlate:Warning: Failed to load font data from '../../../Engine/Content/Editor/Slate/Fonts/Roboto-Bold.ttf'
[2015.03.11-18.51.11:731][  0]LogConsoleResponse:Display: 
[2015.03.11-18.51.11:904][  0]LogCook:Display: Done creating registry. It took  0.00s.
[2015.03.11-18.51.12:067][  0]LogSourceControl: RunCommandInternalRaw: 'git version'
[2015.03.11-18.51.12:079][  0]LogSourceControl: RunCommandInternalRaw: ExecProcess ReturnCode=0 OutResults='git version 1.9.5.github.0
'
[2015.03.11-18.51.12:080][  0]Cmd: MAP LOAD FILE="../../../Engine/Content/Maps/Templates/Template_Default.umap" TEMPLATE=1 SHOWPROGRESS=1 FEATURELEVEL=3
[2015.03.11-18.51.12:080][  0]LightingResults: New page: Lighting Build
[2015.03.11-18.51.12:094][  0]MapCheck: New page: Map Check
[2015.03.11-18.51.12:094][  0]LightingResults: New page: Lighting Build
[2015.03.11-18.51.12:111][  0]LogParticles: Destroying 0 GPU particle simulations for FXSystem 0x00000070E0F74680
[2015.03.11-18.51.12:798][  0]LogEditorServer: Finished looking for orphan Actors (0.000 secs)
[2015.03.11-18.51.12:798][  0]LogAIModule: Creating AISystem for world Untitled_1
[2015.03.11-18.51.12:798][  0]Cmd: MAP CHECKDEP
[2015.03.11-18.51.12:799][  0]MapCheck: New page: Untitled_1 - Mar 11, 2015, 8:51:12 PM
[2015.03.11-18.51.12:884][  0]MapCheck: Info Map check complete: 0 Error(s), 0 Warning(s), took 85.303ms to complete.
[2015.03.11-18.51.12:884][  0]LogFileHelpers: Loading map 'Template_Default' took 0.805
[2015.03.11-18.51.13:035][  0]LogSourceControl: RunCommandInternalRaw: 'git status'
[2015.03.11-18.51.13:035][  0]LogSourceControl: RunCommandInternalRaw: ExecProcess ReturnCode=0 OutResults='On branch master
Your branch is up-to-date with 'origin/master'.

Changes not staged for commit:
  (use "git add <file>..." to update what will be committed)
  (use "git checkout -- <file>..." to discard changes in working directory)

	modified:   VisionUE/Intermediate/CachedAssetRegistry.bin
	modified:   VisionUE/Saved/AutoScreenshot.png
	modified:   VisionUE/Saved/Config/Windows/EditorLayout.ini
	modified:   VisionUE/Saved/Config/Windows/EditorUserSettings.ini
	modified:   VisionUE/Saved/Config/Windows/SourceControlSettings.ini
	modified:   VisionUE/Saved/Logs/VisionUE.log

Untracked files:
  (use "git add <file>..." to include in what will be committed)

	VisionUE/Saved/Logs/VisionUE-backup-2015.03.11-19.51.00.log

no changes added to commit (use "git add" and/or "git commit -a")
'
[2015.03.11-18.51.13:035][  0]LogSourceControl: RunCommandInternalRaw: 'git symbolic-ref --short HEAD'
[2015.03.11-18.51.13:035][  0]LogSourceControl: RunCommandInternalRaw: ExecProcess ReturnCode=0 OutResults='master
'
[2015.03.11-18.51.13:035][  0]LogCollectionManager: Loaded 0 collections in 0.002320 seconds
[2015.03.11-18.51.13:046][  0]LogContentBrowser: Native class hierarchy populated in 0.0107 seconds. Added 1696 classes and 261 folders.
[2015.03.11-18.51.13:064][  0]LogContentBrowser:Verbose: The content browser source was changed by the sources view to '/Game'
[2015.03.11-18.51.13:081][  0]LogContentBrowser: Native class hierarchy updated for 'SceneOutliner' in 0.0021 seconds. Added 1 classes and 2 folders.
[2015.03.11-18.51.13:160][  0]LogCrashTracker: Crashtracker disabled due to settings.
[2015.03.11-18.51.13:162][  0]LogSlate:Warning: Failed to load font data from 'Veranda'
[2015.03.11-18.51.13:169][  0]LogUObjectGlobals:Warning: Failed to find object 'Class None.'
[2015.03.11-18.51.13:197][  0]LogLoad: Full Startup: 14.70 seconds (BP compile: 0.11 seconds)
[2015.03.11-18.51.13:593][  0]SourceControl: Info master
[2015.03.11-18.51.13:724][  0]LogRenderer:Warning: Reallocating scene render targets to support 856x376 (Frame:2).
[2015.03.11-18.51.15:142][  4]LogAssetRegistry: Asset discovery search completed in 4.9165 seconds
[2015.03.11-18.51.19:079][196]LogSourceControl: RunCommandInternalRaw: 'git status --porcelain --ignored "C:/Users/meist_000/Documents/Unreal Projects/Vision/Vision/VisionUE/Content/Default.umap" "C:/Users/meist_000/Documents/Unreal Projects/Vision/Vision/VisionUE/Content/GM.uasset" "C:/Users/meist_000/Documents/Unreal Projects/Vision/Vision/VisionUE/Content/Marco.uasset" "C:/Users/meist_000/Documents/Unreal Projects/Vision/Vision/VisionUE/Content/PC.uasset" "C:/Users/meist_000/Documents/Unreal Projects/Vision/Vision/VisionUE/Content/StatBlock.uasset" "C:/Users/meist_000/Documents/Unreal Projects/Vision/Vision/VisionUE/Content/Window.uasset" "C:/Users/meist_000/Documents/Unreal Projects/Vision/Vision/VisionUE/Content/WindowBox.uasset"'
[2015.03.11-18.51.19:107][198]LogSourceControl: RunCommandInternalRaw: ExecProcess ReturnCode=0 OutResults=''
[2015.03.11-18.52.05:931][853]Cmd: QUIT_EDITOR
[2015.03.11-18.52.06:290][853]LogExit: Preparing to exit.
[2015.03.11-18.52.07:215][853]LogExit: Editor shut down
[2015.03.11-18.52.07:216][853]LogExit: Transaction tracking system shut down
[2015.03.11-18.52.07:217][853]LogParticles: Destroying 0 GPU particle simulations for FXSystem 0x00000070DCF2F2E0
[2015.03.11-18.52.07:217][853]LogParticles: Destroying 0 GPU particle simulations for FXSystem 0x00000070DC4F0A40
[2015.03.11-18.52.07:217][853]LogParticles: Destroying 0 GPU particle simulations for FXSystem 0x00000070DC2E89A0
[2015.03.11-18.52.07:266][853]LogExit: Object subsystem successfully closed.
[2015.03.11-18.52.07:342][853]LogModuleManager: Shutting down and abandoning module CrashTracker (177)
[2015.03.11-18.52.07:342][853]LogModuleManager: Shutting down and abandoning module SuperSearch (176)
[2015.03.11-18.52.07:342][853]LogModuleManager: Shutting down and abandoning module SceneOutliner (175)
[2015.03.11-18.52.07:342][853]LogModuleManager: Shutting down and abandoning module EditorWidgets (174)
[2015.03.11-18.52.07:343][853]LogModuleManager: Shutting down and abandoning module CollectionManager (173)
[2015.03.11-18.52.07:343][853]LogModuleManager: Shutting down and abandoning module StatsViewer (172)
[2015.03.11-18.52.07:343][853]LogModuleManager: Shutting down and abandoning module FoliageEdit (171)
[2015.03.11-18.52.07:343][853]LogModuleManager: Shutting down and abandoning module LandscapeEditor (170)
[2015.03.11-18.52.07:343][853]LogModuleManager: Shutting down and abandoning module MeshPaint (169)
[2015.03.11-18.52.07:343][853]LogModuleManager: Shutting down and abandoning module ActorPickerMode (168)
[2015.03.11-18.52.07:343][853]LogModuleManager: Shutting down and abandoning module GeometryMode (167)
[2015.03.11-18.52.07:343][853]LogModuleManager: Shutting down and abandoning module TextureAlignMode (166)
[2015.03.11-18.52.07:343][853]LogModuleManager: Shutting down and abandoning module BspMode (165)
[2015.03.11-18.52.07:343][853]LogModuleManager: Shutting down and abandoning module PlacementMode (164)
[2015.03.11-18.52.07:343][853]LogModuleManager: Shutting down and abandoning module AutomationWorker (163)
[2015.03.11-18.52.07:343][853]LogModuleManager: Shutting down and abandoning module CharacterAI (162)
[2015.03.11-18.52.07:343][853]LogModuleManager: Shutting down and abandoning module SmartSnapping (161)
[2015.03.11-18.52.07:343][853]LogModuleManager: Shutting down and abandoning module ViewportSnapping (160)
[2015.03.11-18.52.07:343][853]LogModuleManager: Shutting down and abandoning module LogVisualizer (159)
[2015.03.11-18.52.07:343][853]LogModuleManager: Shutting down and abandoning module GameProjectGeneration (158)
[2015.03.11-18.52.07:343][853]LogModuleManager: Shutting down and abandoning module IntroTutorials (157)
[2015.03.11-18.52.07:343][853]LogModuleManager: Shutting down and abandoning module EditorLiveStreaming (156)
[2015.03.11-18.52.07:343][853]LogModuleManager: Shutting down and abandoning module HardwareTargeting (155)
[2015.03.11-18.52.07:344][853]LogModuleManager: Shutting down and abandoning module DeviceProfileEditor (154)
[2015.03.11-18.52.07:344][853]LogModuleManager: Shutting down and abandoning module UndoHistory (153)
[2015.03.11-18.52.07:344][853]LogModuleManager: Shutting down and abandoning module GameplayTagsEditor (152)
[2015.03.11-18.52.07:344][853]LogModuleManager: Shutting down and abandoning module UserFeedback (151)
[2015.03.11-18.52.07:344][853]LogModuleManager: Shutting down and abandoning module XmlParser (150)
[2015.03.11-18.52.07:344][853]LogModuleManager: Shutting down and abandoning module Blutility (149)
[2015.03.11-18.52.07:344][853]LogModuleManager: Shutting down and abandoning module IOSPlatformEditor (148)
[2015.03.11-18.52.07:344][853]LogModuleManager: Shutting down and abandoning module IOSRuntimeSettings (147)
[2015.03.11-18.52.07:344][853]LogModuleManager: Shutting down and abandoning module AndroidDeviceDetection (146)
[2015.03.11-18.52.07:545][853]LogModuleManager: Shutting down and abandoning module AndroidPlatformEditor (145)
[2015.03.11-18.52.07:545][853]LogModuleManager: Shutting down and abandoning module AndroidRuntimeSettings (144)
[2015.03.11-18.52.07:545][853]LogModuleManager: Shutting down and abandoning module ProjectTargetPlatformEditor (143)
[2015.03.11-18.52.07:545][853]LogModuleManager: Shutting down and abandoning module ProjectSettingsViewer (142)
[2015.03.11-18.52.07:545][853]LogModuleManager: Shutting down and abandoning module InputBindingEditor (141)
[2015.03.11-18.52.07:545][853]LogModuleManager: Shutting down and abandoning module EditorSettingsViewer (140)
[2015.03.11-18.52.07:545][853]LogModuleManager: Shutting down and abandoning module SettingsEditor (139)
[2015.03.11-18.52.07:545][853]LogModuleManager: Shutting down and abandoning module ProjectLauncher (138)
[2015.03.11-18.52.07:545][853]LogModuleManager: Shutting down and abandoning module SessionFrontend (137)
[2015.03.11-18.52.07:545][853]LogModuleManager: Shutting down and abandoning module ProfilerClient (136)
[2015.03.11-18.52.07:545][853]LogModuleManager: Shutting down and abandoning module TargetDeviceServices (135)
[2015.03.11-18.52.07:545][853]LogModuleManager: Shutting down and abandoning module DeviceManager (134)
[2015.03.11-18.52.07:546][853]LogModuleManager: Shutting down and abandoning module AutomationController (133)
[2015.03.11-18.52.07:546][853]LogModuleManager: Shutting down and abandoning module AutomationWindow (132)
[2015.03.11-18.52.07:546][853]LogModuleManager: Shutting down and abandoning module Layers (131)
[2015.03.11-18.52.07:546][853]LogModuleManager: Shutting down and abandoning module ComponentVisualizers (130)
[2015.03.11-18.52.07:546][853]LogModuleManager: Shutting down and abandoning module DetailCustomizations (129)
[2015.03.11-18.52.07:546][853]LogModuleManager: Shutting down and abandoning module PackagesDialog (128)
[2015.03.11-18.52.07:546][853]LogModuleManager: Shutting down and abandoning module AssetRegistry (127)
[2015.03.11-18.52.07:659][853]LogModuleManager: Shutting down and abandoning module Persona (126)
[2015.03.11-18.52.07:659][853]LogModuleManager: Shutting down and abandoning module SlateReflector (125)
[2015.03.11-18.52.07:659][853]LogModuleManager: Shutting down and abandoning module LevelEditor (124)
[2015.03.11-18.52.07:660][853]LogModuleManager: Shutting down and abandoning module Kismet (123)
[2015.03.11-18.52.07:660][853]LogModuleManager: Shutting down and abandoning module GraphEditor (122)
[2015.03.11-18.52.07:660][853]LogModuleManager: Shutting down and abandoning module ClassViewer (121)
[2015.03.11-18.52.07:660][853]LogModuleManager: Shutting down and abandoning module Toolbox (120)
[2015.03.11-18.52.07:661][853]LogModuleManager: Shutting down and abandoning module ModuleUI (119)
[2015.03.11-18.52.07:661][853]LogModuleManager: Shutting down and abandoning module MovieSceneTools (118)
[2015.03.11-18.52.07:661][853]LogModuleManager: Shutting down and abandoning module OutputLog (117)
[2015.03.11-18.52.07:661][853]LogModuleManager: Shutting down and abandoning module GammaUI (116)
[2015.03.11-18.52.07:661][853]LogModuleManager: Shutting down and abandoning module Documentation (115)
[2015.03.11-18.52.07:661][853]LogModuleManager: Shutting down and abandoning module GameLiveStreaming (114)
[2015.03.11-18.52.07:661][853]LogModuleManager: Shutting down and abandoning module StreamingPauseRendering (113)
[2015.03.11-18.52.07:661][853]LogModuleManager: Shutting down and abandoning module HTTP (112)
[2015.03.11-18.52.07:661][853]LogModuleManager: Shutting down and abandoning module AnalyticsET (111)
[2015.03.11-18.52.07:661][853]LogModuleManager: Shutting down and abandoning module Analytics (110)
[2015.03.11-18.52.07:661][853]LogModuleManager: Shutting down and abandoning module AITestSuite (109)
[2015.03.11-18.52.07:661][853]LogModuleManager: Shutting down and abandoning module GameplayDebugger (108)
[2015.03.11-18.52.07:661][853]LogModuleManager: Shutting down and abandoning module AIModule (107)
[2015.03.11-18.52.07:661][853]LogModuleManager: Shutting down and abandoning module ProfilerService (106)
[2015.03.11-18.52.07:909][853]LogModuleManager: Shutting down and abandoning module TaskGraph (105)
[2015.03.11-18.52.07:909][853]LogModuleManager: Shutting down and abandoning module SlateRemote (104)
[2015.03.11-18.52.07:909][853]LogModuleManager: Shutting down and abandoning module ScriptEditorPlugin (103)
[2015.03.11-18.52.07:909][853]LogModuleManager: Shutting down and abandoning module CustomMeshComponent (102)
[2015.03.11-18.52.07:909][853]LogModuleManager: Shutting down and abandoning module CableComponent (101)
[2015.03.11-18.52.07:909][853]LogModuleManager: Shutting down and abandoning module MessagingDebugger (100)
[2015.03.11-18.52.07:909][853]LogModuleManager: Shutting down and abandoning module MediaPlayerEditor (99)
[2015.03.11-18.52.07:909][853]LogModuleManager: Shutting down and abandoning module SpeedTreeImporter (98)
[2015.03.11-18.52.07:909][853]LogModuleManager: Shutting down and abandoning module PluginsEditor (97)
[2015.03.11-18.52.07:909][853]LogModuleManager: Shutting down and abandoning module MainFrame (96)
[2015.03.11-18.52.07:909][853]LogModuleManager: Shutting down and abandoning module EpicSurvey (95)
[2015.03.11-18.52.07:909][853]LogModuleManager: Shutting down and abandoning module DesktopPlatform (94)
[2015.03.11-18.52.07:909][853]LogModuleManager: Shutting down and abandoning module DirectoryWatcher (93)
[2015.03.11-18.52.07:909][853]LogModuleManager: Shutting down and abandoning module HotReload (92)
[2015.03.11-18.52.07:909][853]LogModuleManager: Shutting down and abandoning module VisualStudioSourceCodeAccess (91)
[2015.03.11-18.52.07:909][853]LogModuleManager: Shutting down and abandoning module UObjectPlugin (90)
[2015.03.11-18.52.07:909][853]LogModuleManager: Shutting down and abandoning module SubversionSourceControl (89)
[2015.03.11-18.52.07:909][853]LogModuleManager: Shutting down and abandoning module PerforceSourceControl (88)
[2015.03.11-18.52.07:909][853]LogModuleManager: Shutting down and abandoning module SourceControl (87)
[2015.03.11-18.52.07:909][853]LogModuleManager: Shutting down and abandoning module GitSourceControl (86)
[2015.03.11-18.52.07:909][853]LogModuleManager: Shutting down and abandoning module BlankPlugin (85)
[2015.03.11-18.52.07:909][853]LogModuleManager: Shutting down and abandoning module PaperTiledImporter (84)
[2015.03.11-18.52.07:909][853]LogModuleManager: Shutting down and abandoning module PaperJsonImporter (83)
[2015.03.11-18.52.07:910][853]LogModuleManager: Shutting down and abandoning module ContentBrowser (82)
[2015.03.11-18.52.07:910][853]LogModuleManager: Shutting down and abandoning module Paper2DEditor (81)
[2015.03.11-18.52.07:910][853]LogModuleManager: Shutting down and abandoning module ScriptPlugin (80)
[2015.03.11-18.52.07:910][853]LogModuleManager: Shutting down and abandoning module UdpMessaging (79)
[2015.03.11-18.52.08:012][853]LogModuleManager: Shutting down and abandoning module Paper2D (78)
[2015.03.11-18.52.08:012][853]LogModuleManager: Shutting down and abandoning module WindowsMoviePlayer (77)
[2015.03.11-18.52.08:014][853]LogModuleManager: Shutting down and abandoning module Media (76)
[2015.03.11-18.52.08:014][853]LogModuleManager: Shutting down and abandoning module WmfMedia (75)
[2015.03.11-18.52.08:014][853]LogModuleManager: Shutting down and abandoning module OnlineBlueprintSupport (74)
[2015.03.11-18.52.08:014][853]LogModuleManager: Shutting down and abandoning module PropertyEditor (73)
[2015.03.11-18.52.08:014][853]LogModuleManager: Shutting down and abandoning module BehaviorTreeEditor (72)
[2015.03.11-18.52.08:014][853]LogModuleManager: Shutting down and abandoning module FunctionalTesting (71)
[2015.03.11-18.52.08:014][853]LogModuleManager: Shutting down and abandoning module CollisionAnalyzer (70)
[2015.03.11-18.52.08:014][853]LogModuleManager: Shutting down and abandoning module WorkspaceMenuStructure (69)
[2015.03.11-18.52.08:014][853]LogModuleManager: Shutting down and abandoning module MessageLog (68)
[2015.03.11-18.52.08:014][853]LogModuleManager: Shutting down and abandoning module Sequencer (67)
[2015.03.11-18.52.08:014][853]LogModuleManager: Shutting down and abandoning module AssetTools (66)
[2015.03.11-18.52.08:014][853]LogModuleManager: Shutting down and abandoning module UMGEditor (65)
[2015.03.11-18.52.08:014][853]LogModuleManager: Shutting down and abandoning module UMG (64)
[2015.03.11-18.52.08:014][853]LogModuleManager: Shutting down and abandoning module Slate (63)
[2015.03.11-18.52.08:014][853]LogModuleManager: Shutting down and abandoning module EditorStyle (62)
[2015.03.11-18.52.08:018][853]LogModuleManager: Shutting down and abandoning module SessionServices (61)
[2015.03.11-18.52.08:018][853]LogModuleManager: Shutting down and abandoning module SourceCodeAccess (60)
[2015.03.11-18.52.08:018][853]LogModuleManager: Shutting down and abandoning module HeadMountedDisplay (59)
[2015.03.11-18.52.08:018][853]LogModuleManager: Shutting down and abandoning module XAudio2 (58)
[2015.03.11-18.52.08:018][853]LogModuleManager: Shutting down and abandoning module Networking (56)
[2015.03.11-18.52.08:018][853]LogModuleManager: Shutting down and abandoning module Core (55)
[2015.03.11-18.52.08:018][853]LogModuleManager: Shutting down and abandoning module KismetCompiler (54)
[2015.03.11-18.52.08:018][853]LogModuleManager: Shutting down and abandoning module PhysXFormats (53)
[2015.03.11-18.52.08:018][853]LogModuleManager: Shutting down and abandoning module MeshUtilities (52)
[2015.03.11-18.52.08:018][853]LogModuleManager: Shutting down and abandoning module DerivedDataCache (51)
[2015.03.11-18.52.08:419][853]LogDerivedDataCache: Shutdown
[2015.03.11-18.52.08:419][853]LogModuleManager: Shutting down and abandoning module ShaderFormatOpenGL (50)
[2015.03.11-18.52.08:419][853]LogModuleManager: Shutting down and abandoning module ShaderFormatD3D (49)
[2015.03.11-18.52.08:419][853]LogModuleManager: Shutting down and abandoning module MetalShaderFormat (48)
[2015.03.11-18.52.08:419][853]LogModuleManager: Shutting down and abandoning module TextureFormatUncompressed (47)
[2015.03.11-18.52.08:419][853]LogModuleManager: Shutting down and abandoning module TextureFormatPVR (46)
[2015.03.11-18.52.08:419][853]LogModuleManager: Shutting down and abandoning module TextureFormatIntelISPCTexComp (45)
[2015.03.11-18.52.08:419][853]LogModuleManager: Shutting down and abandoning module TextureFormatDXT (44)
[2015.03.11-18.52.08:419][853]LogModuleManager: Shutting down and abandoning module ImageWrapper (43)
[2015.03.11-18.52.08:419][853]LogModuleManager: Shutting down and abandoning module TextureFormatASTC (42)
[2015.03.11-18.52.08:419][853]LogModuleManager: Shutting down and abandoning module TextureFormatAndroid (41)
[2015.03.11-18.52.08:419][853]LogModuleManager: Shutting down and abandoning module AudioFormatOpus (40)
[2015.03.11-18.52.08:419][853]LogModuleManager: Shutting down and abandoning module AudioFormatOgg (39)
[2015.03.11-18.52.08:419][853]LogModuleManager: Shutting down and abandoning module AudioFormatADPCM (38)
[2015.03.11-18.52.08:419][853]LogModuleManager: Shutting down and abandoning module LinuxTargetPlatform (37)
[2015.03.11-18.52.08:419][853]LogModuleManager: Shutting down and abandoning module LinuxServerTargetPlatform (36)
[2015.03.11-18.52.08:419][853]LogModuleManager: Shutting down and abandoning module LinuxNoEditorTargetPlatform (35)
[2015.03.11-18.52.08:419][853]LogModuleManager: Shutting down and abandoning module Messaging (34)
[2015.03.11-18.52.08:419][853]LogModuleManager: Shutting down and abandoning module IOSTargetPlatform (33)
[2015.03.11-18.52.08:419][853]LogModuleManager: Shutting down and abandoning module HTML5TargetPlatform (32)
[2015.03.11-18.52.08:419][853]LogModuleManager: Shutting down and abandoning module Android_PVRTCTargetPlatform (31)
[2015.03.11-18.52.08:419][853]LogModuleManager: Shutting down and abandoning module Android_ETC2TargetPlatform (30)
[2015.03.11-18.52.08:419][853]LogModuleManager: Shutting down and abandoning module Android_ETC1TargetPlatform (29)
[2015.03.11-18.52.08:419][853]LogModuleManager: Shutting down and abandoning module Android_ES31TargetPlatform (28)
[2015.03.11-18.52.08:420][853]LogModuleManager: Shutting down and abandoning module Android_DXTTargetPlatform (27)
[2015.03.11-18.52.08:420][853]LogModuleManager: Shutting down and abandoning module Android_ATCTargetPlatform (26)
[2015.03.11-18.52.08:420][853]LogModuleManager: Shutting down and abandoning module AndroidTargetPlatform (25)
[2015.03.11-18.52.08:420][853]LogModuleManager: Shutting down and abandoning module WindowsTargetPlatform (24)
[2015.03.11-18.52.08:420][853]LogModuleManager: Shutting down and abandoning module WindowsServerTargetPlatform (23)
[2015.03.11-18.52.08:420][853]LogModuleManager: Shutting down and abandoning module WindowsNoEditorTargetPlatform (22)
[2015.03.11-18.52.08:420][853]LogModuleManager: Shutting down and abandoning module WindowsClientTargetPlatform (21)
[2015.03.11-18.52.08:420][853]LogModuleManager: Shutting down and abandoning module TargetPlatform (20)
[2015.03.11-18.52.08:420][853]LogModuleManager: Shutting down and abandoning module InputCore (19)
[2015.03.11-18.52.08:420][853]LogModuleManager: Shutting down and abandoning module Settings (18)
[2015.03.11-18.52.08:420][853]LogModuleManager: Shutting down and abandoning module OnlineSubsystem (16)
[2015.03.11-18.52.08:420][853]LogModuleManager: Shutting down and abandoning module OculusRift (15)
[2015.03.11-18.52.08:420][853]LogModuleManager: Shutting down and abandoning module ExampleDeviceProfileSelector (14)
[2015.03.11-18.52.08:420][853]LogModuleManager: Shutting down and abandoning module TextureCompressor (13)
[2015.03.11-18.52.08:420][853]LogModuleManager: Shutting down and abandoning module ShaderCore (12)
[2015.03.11-18.52.08:420][853]LogModuleManager: Shutting down and abandoning module Landscape (11)
[2015.03.11-18.52.08:420][853]LogModuleManager: Shutting down and abandoning module SlateRHIRenderer (10)
[2015.03.11-18.52.08:421][853]LogModuleManager: Shutting down and abandoning module OpenGLDrv (9)
[2015.03.11-18.52.08:421][853]LogModuleManager: Shutting down and abandoning module D3D11RHI (8)
[2015.03.11-18.52.08:421][853]LogModuleManager: Shutting down and abandoning module Renderer (7)
[2015.03.11-18.52.08:421][853]LogModuleManager: Shutting down and abandoning module Engine (6)
[2015.03.11-18.52.08:421][853]LogModuleManager: Shutting down and abandoning module CoreUObject (5)
[2015.03.11-18.52.08:421][853]LogModuleManager: Shutting down and abandoning module NetworkFile (4)
[2015.03.11-18.52.08:421][853]LogModuleManager: Shutting down and abandoning module StreamingFile (3)
[2015.03.11-18.52.08:421][853]LogModuleManager: Shutting down and abandoning module SandboxFile (2)
[2015.03.11-18.52.08:421][853]LogModuleManager: Shutting down and abandoning module PakFile (1)
[2015.03.11-18.52.08:422][853]LogExit: Exiting.
[2015.03.11-18.52.08:427][853]Log file closed, 03/11/15 19:52:08
