Log file open, 03/16/15 17:12:25
LogInit:Display: Running engine for game: Vision
LogInit: Version: 4.7.2-2467323+++depot+UE4-Releases+4.7
LogInit: API Version: 2455222
LogInit: Compiled (64-bit): Mar  2 2015 23:16:34
LogInit: Compiled with Visual C++: 18.00.21005.01
LogInit: Build Configuration: Development
LogInit: Branch Name: ++depot+UE4-Releases+4.7
LogInit: Command line:  
LogInit: Base directory: D:/Programme/Epic/Unreal Engine/4.7/Engine/Binaries/Win64/
LogInit: Rocket: 1
[2015.03.16-16.12.25:376][  0]LogTaskGraph: Started task graph with 3 named threads and 6 total threads.
[2015.03.16-16.12.25:431][  0]LogOnline:Warning: No default platform service specified for OnlineSubsystem
[2015.03.16-16.12.25:445][  0]LogInit: Presizing for 0 objects not considered by GC, pre-allocating 0 bytes.
[2015.03.16-16.12.25:457][  0]LogInit: Object subsystem initialized
[2015.03.16-16.12.25:458][  0]LogConsoleResponse:Warning: Skipping Unknown console variable: 'TranslucentSortAxis = (X=0.000000,Y=-1.000000,Z=0.000000)'
[2015.03.16-16.12.25:458][  0]LogConsoleResponse:Warning:   Found in ini file 'D:/GitHub/Vision/Vision/Saved/Config/Windows/Engine.ini', in section '[/Script/Engine.RendererSettings]'
[2015.03.16-16.12.25:458][  0]LogConsoleResponse:Warning: Skipping Unknown console variable: 'UIScaleRule = ShortestSide'
[2015.03.16-16.12.25:458][  0]LogConsoleResponse:Warning:   Found in ini file 'D:/GitHub/Vision/Vision/Saved/Config/Windows/Engine.ini', in section '[/Script/Engine.RendererSettings]'
[2015.03.16-16.12.25:458][  0]LogConsoleResponse:Warning: Skipping Unknown console variable: 'UIScaleCurve = (EditorCurveData=(Keys=),ExternalCurve=None)'
[2015.03.16-16.12.25:458][  0]LogConsoleResponse:Warning:   Found in ini file 'D:/GitHub/Vision/Vision/Saved/Config/Windows/Engine.ini', in section '[/Script/Engine.RendererSettings]'
[2015.03.16-16.12.25:459][  0]LogInit: Selected Device Profile: [Windows]
[2015.03.16-16.12.25:459][  0]LogInit: Applying CVar settings loaded from the selected device profile: [Windows]
[2015.03.16-16.12.25:467][  0]LogInit: Computer: ZENTRUM-PC
[2015.03.16-16.12.25:467][  0]LogInit: User: Zentrum
[2015.03.16-16.12.25:467][  0]LogInit: CPU Page size=4096, Cores=4
[2015.03.16-16.12.25:467][  0]LogInit: High frequency timer resolution =3.579545 MHz
[2015.03.16-16.12.25:467][  0]LogMemory: Memory total: Physical=7.5GB (8GB approx) Virtual=8192.0GB
[2015.03.16-16.12.25:467][  0]LogMemory: Platform Memory Stats for Windows
[2015.03.16-16.12.25:467][  0]LogMemory: Process Physical Memory: 47.35 MB used, 47.35 MB peak
[2015.03.16-16.12.25:467][  0]LogMemory: Process Virtual Memory: 27.41 MB used, 27.41 MB peak
[2015.03.16-16.12.25:467][  0]LogMemory: Physical Memory: 2744.95 MB used, 7679.18 MB total
[2015.03.16-16.12.25:467][  0]LogMemory: Virtual Memory: 281.30 MB used, 8388608.00 MB total
[2015.03.16-16.12.25:496][  0]LogD3D11RHI: Found D3D11 adapter 0: NVIDIA GeForce GT 630 (Feature Level 11_0)
[2015.03.16-16.12.25:496][  0]LogD3D11RHI: Adapter has 4040MB of dedicated video memory, 0MB of dedicated system memory, and 3583MB of shared system memory, 2 output[s]
[2015.03.16-16.12.25:510][  0]LogD3D11RHI: Found D3D11 adapter 1: NVIDIA GeForce 8200 (Microsoft Corporation - WDDM v1.1) (Feature Level 10_0)
[2015.03.16-16.12.25:510][  0]LogD3D11RHI: Adapter has 487MB of dedicated video memory, 64MB of dedicated system memory, and 3519MB of shared system memory, 1 output[s]
[2015.03.16-16.12.25:510][  0]LogD3D11RHI: Chosen D3D11 Adapter Id = 0
[2015.03.16-16.12.25:516][  0]LogRHI: Texture pool is 1361 MB (70% of 1945 MB)
[2015.03.16-16.12.25:528][  0]LogD3D11RHI: Async texture creation enabled
[2015.03.16-16.12.25:584][  0]LogTextLocalizationManager: The requested culture ('de_DE') has no localization data; falling back to 'en' for localization and internationalization data.
[2015.03.16-16.12.25:781][  0]LogContentStreaming: Texture pool size is 0.000000MB
[2015.03.16-16.12.28:330][  0]LogTargetPlatformManager:Display: Building Assets For Windows
[2015.03.16-16.12.28:889][  0]LogTargetPlatformManager:Display: Building Assets For Windows
[2015.03.16-16.12.28:955][  0]LogDerivedDataCache:Display: Max Cache Size: 512 MB
[2015.03.16-16.12.29:028][  0]LogDerivedDataCache: Loaded boot cache 0.07s 39MB C:/Users/Zentrum/AppData/Local/UnrealEngine/4.7/DerivedDataCache/Boot.ddc.
[2015.03.16-16.12.29:028][  0]LogDerivedDataCache:Display: Loaded Boot cache: C:/Users/Zentrum/AppData/Local/UnrealEngine/4.7/DerivedDataCache/Boot.ddc
[2015.03.16-16.12.29:028][  0]LogDerivedDataCache: FDerivedDataBackendGraph:  Pak pak cache file ../../../../../../../GitHub/Vision/Vision/DerivedDataCache/DDC.ddp not found, will not use a pak cache.
[2015.03.16-16.12.29:028][  0]LogDerivedDataCache: Unable to find inner node Pak for hierarchical cache Hierarchy.
[2015.03.16-16.12.29:155][  0]LogDerivedDataCache:Display: Pak cache opened for reading ../../../Engine/DerivedDataCache/Compressed.ddp.
[2015.03.16-16.12.29:167][  0]LogDerivedDataCache: Using Local data cache path C:/Users/Zentrum/AppData/Local/UnrealEngine/Common/DerivedDataCache: Writable
[2015.03.16-16.12.29:554][  0]LogMeshUtilities: No automatic mesh reduction module available
[2015.03.16-16.12.29:554][  0]LogMeshUtilities: No automatic mesh merging module available
[2015.03.16-16.12.30:012][  0]LogInit: WinSock: version 1.1 (2.2), MaxSocks=32767, MaxUdp=65467
[2015.03.16-16.12.30:091][  0]LogSlate:Warning: Failed to load font data from '../../../Engine/Content/Slate/Fonts/Roboto-Italic.ttf'
[2015.03.16-16.12.30:914][  0]UdpMessaging: Initializing bridge on interface 0.0.0.0:0 to multicast group 230.0.0.1:6666.
[2015.03.16-16.12.31:120][  0]SourceControl: Info Source control is disabled
[2015.03.16-16.12.31:120][  0]SourceControl: Info Source control is disabled
[2015.03.16-16.12.31:120][  0]SourceControl: Info Source control is disabled
[2015.03.16-16.12.31:129][  0]LogSourceControl: RunCommandInternalRaw: 'git version'
[2015.03.16-16.12.31:137][  0]LogSourceControl: RunCommandInternalRaw: ExecProcess ReturnCode=0 OutResults='git version 1.9.5.msysgit.0
'
[2015.03.16-16.12.31:331][  0]LogObj: 24231 objects as part of root set at end of initial load.
[2015.03.16-16.12.31:331][  0]LogUObjectAllocator: 5136440 out of 0 bytes used by permanent object pool.
[2015.03.16-16.12.31:430][  0]LogEngine: Initializing Engine...
[2015.03.16-16.12.34:634][  0]LogInit: XAudio2 using 'Lautsprecher (Alesis USB Audio - WDM 2.9.13)' : 2 channels at 44.1 kHz using 16 bits per sample (channel mask 0x3)
[2015.03.16-16.12.34:639][  0]LogInit: FAudioDevice initialized.
[2015.03.16-16.12.34:678][  0]LogAIModule: Creating AISystem for world NewWorld
[2015.03.16-16.12.34:712][  0]LogDerivedDataCache: Saved boot cache 0.03s 39MB C:/Users/Zentrum/AppData/Local/UnrealEngine/4.7/DerivedDataCache/Boot.ddc.
[2015.03.16-16.12.34:725][  0]LogInit: Texture streaming: Enabled
[2015.03.16-16.12.34:837][  0]LogAnalytics: Creating configured Analytics provider AnalyticsET
[2015.03.16-16.12.34:837][  0]LogAnalytics: ET APIKey = Rocket.Release. APIServer = http://et2.epicgames.com/ET2/. AppVersion = 4.7.2-2467323+++depot+UE4-Releases+4.7
[2015.03.16-16.12.34:837][  0]LogAnalytics: ET APIKey = Rocket.Release. DataRouterUploadURL = https://datarouter-public-service-gamedev.ol.epicgames.net/datarouter/api/v1/public/data. AppVersion = 4.7.2-2467323+++depot+UE4-Releases+4.7
[2015.03.16-16.12.34:837][  0]LogAnalytics: SetUserId a6f1bd084faec6cebe4e75a2d83b8662|b2c1567841e5484c93ced7e05cd852ce|0f5b9dc7-2094-4ccf-821e-cb105ecd4728
[2015.03.16-16.12.34:838][  0]LogAnalytics: AnalyticsET::StartSession [Rocket.Release]
[2015.03.16-16.12.34:859][  0]LogInit: Transaction tracking system initialized
[2015.03.16-16.12.35:038][  0]BlueprintLog: New page: Editor Load
[2015.03.16-16.12.35:072][  0]LogAssetRegistry: FAssetRegistry took 0.0102 seconds to start up
[2015.03.16-16.12.35:072][  0]LogDirectoryWatcher:Warning: Failed to begin reading directory changes for ../../../Engine/Plugins/Experimental/CharacterAI/Content/. Error: 0
[2015.03.16-16.12.35:645][  0]LogTargetPlatformManager:Display: Building Assets For Windows
[2015.03.16-16.12.36:041][  0]LogTargetPlatformManager:Display: Building Assets For Windows
[2015.03.16-16.12.36:323][  0]LogSlate:Warning: Failed to load font data from '../../../Engine/Content/Editor/Slate/Fonts/Roboto-Regular.ttf'
[2015.03.16-16.12.36:323][  0]LogSlate:Warning: Failed to load font data from '../../../Engine/Content/Editor/Slate/Fonts/Roboto-Bold.ttf'
[2015.03.16-16.12.36:328][  0]LogConsoleResponse:Display: 
[2015.03.16-16.12.36:486][  0]LogCook:Display: Done creating registry. It took  0.00s.
[2015.03.16-16.12.36:634][  0]LogSourceControl: RunCommandInternalRaw: 'git version'
[2015.03.16-16.12.36:641][  0]LogSourceControl: RunCommandInternalRaw: ExecProcess ReturnCode=0 OutResults='git version 1.9.5.msysgit.0
'
[2015.03.16-16.12.36:641][  0]Cmd: MAP LOAD FILE="../../../../../../../GitHub/Vision/Vision/Content/TopDownBP/Maps/TopDownExampleMap.umap" TEMPLATE=0 SHOWPROGRESS=1 FEATURELEVEL=3
[2015.03.16-16.12.36:642][  0]LightingResults: New page: Lighting Build
[2015.03.16-16.12.36:655][  0]MapCheck: New page: Map Check
[2015.03.16-16.12.36:655][  0]LightingResults: New page: Lighting Build
[2015.03.16-16.12.36:665][  0]LogParticles: Destroying 0 GPU particle simulations for FXSystem 0x0000000016AAA520
[2015.03.16-16.12.38:526][  0]LogEditorServer: Finished looking for orphan Actors (0.000 secs)
[2015.03.16-16.12.39:579][  0]LogAIModule: Creating AISystem for world TopDownExampleMap
[2015.03.16-16.12.39:581][  0]Cmd: MAP CHECKDEP
[2015.03.16-16.12.39:581][  0]MapCheck: New page: TopDownExampleMap - Mar 16, 2015, 6:12:39 PM
[2015.03.16-16.12.39:667][  0]MapCheck: Info Map check complete: 0 Error(s), 0 Warning(s), took 87.273ms to complete.
[2015.03.16-16.12.39:667][  0]LogFileHelpers: Loading map 'TopDownExampleMap' took 3.027
[2015.03.16-16.12.39:806][  0]LogSourceControl: RunCommandInternalRaw: 'git status'
[2015.03.16-16.12.39:806][  0]LogSourceControl: RunCommandInternalRaw: ExecProcess ReturnCode=0 OutResults='On branch master
Your branch is up-to-date with 'origin/master'.

Changes not staged for commit:
  (use "git add <file>..." to update what will be committed)
  (use "git checkout -- <file>..." to discard changes in working directory)

	modified:   Vision/Intermediate/CachedAssetRegistry.bin
	modified:   Vision/Saved/Config/Windows/Editor.ini
	modified:   Vision/Saved/Config/Windows/EditorLayout.ini
	modified:   Vision/Saved/Config/Windows/EditorUserSettings.ini
	modified:   Vision/Saved/Config/Windows/Engine.ini
	modified:   Vision/Saved/Logs/Vision.log

no changes added to commit (use "git add" and/or "git commit -a")
'
[2015.03.16-16.12.39:806][  0]LogSourceControl: RunCommandInternalRaw: 'git symbolic-ref --short HEAD'
[2015.03.16-16.12.39:806][  0]LogSourceControl: RunCommandInternalRaw: ExecProcess ReturnCode=0 OutResults='master
'
[2015.03.16-16.12.39:806][  0]LogCollectionManager: Loaded 0 collections in 0.001638 seconds
[2015.03.16-16.12.39:817][  0]LogContentBrowser: Native class hierarchy populated in 0.0107 seconds. Added 1696 classes and 261 folders.
[2015.03.16-16.12.39:852][  0]LogContentBrowser: Native class hierarchy updated for 'SceneOutliner' in 0.0017 seconds. Added 1 classes and 2 folders.
[2015.03.16-16.12.39:886][  0]LogCrashTracker: Crashtracker disabled due to settings.
[2015.03.16-16.12.39:887][  0]LogSlate:Warning: Failed to load font data from 'Veranda'
[2015.03.16-16.12.39:896][  0]LogUObjectGlobals:Warning: Failed to find object 'Class None.'
[2015.03.16-16.12.39:922][  0]LogLoad: Full Startup: 16.99 seconds (BP compile: 0.61 seconds)
[2015.03.16-16.12.40:279][  0]LogContentBrowser:Verbose: The content browser source was changed by the sources view to '/Game/TopDownBP/Blueprints'
[2015.03.16-16.12.40:327][  0]SourceControl: Info master
[2015.03.16-16.12.40:493][  0]LogRenderer:Warning: Reallocating scene render targets to support 808x384 (Frame:2).
[2015.03.16-16.12.42:195][  5]LogAssetRegistry: Asset discovery search completed in 7.1337 seconds
[2015.03.16-16.12.43:488][ 10]LogSourceC